20-Aug-2020 21:02:37.121 INFO [main] org.apache.catalina.startup.VersionLoggerListener.log Server version name:   Apache Tomcat/9.0.37
20-Aug-2020 21:02:37.130 INFO [main] org.apache.catalina.startup.VersionLoggerListener.log Server built:          Jun 30 2020 20:09:49 UTC
20-Aug-2020 21:02:37.130 INFO [main] org.apache.catalina.startup.VersionLoggerListener.log Server version number: 9.0.37.0
20-Aug-2020 21:02:37.130 INFO [main] org.apache.catalina.startup.VersionLoggerListener.log OS Name:               Linux
20-Aug-2020 21:02:37.130 INFO [main] org.apache.catalina.startup.VersionLoggerListener.log OS Version:            4.14.138+
20-Aug-2020 21:02:37.131 INFO [main] org.apache.catalina.startup.VersionLoggerListener.log Architecture:          amd64
20-Aug-2020 21:02:37.131 INFO [main] org.apache.catalina.startup.VersionLoggerListener.log Java Home:             /home/gitpod/.sdkman/candidates/java/11.0.6.fx-zulu
20-Aug-2020 21:02:37.131 INFO [main] org.apache.catalina.startup.VersionLoggerListener.log JVM Version:           11.0.6+10-LTS
20-Aug-2020 21:02:37.131 INFO [main] org.apache.catalina.startup.VersionLoggerListener.log JVM Vendor:            Azul Systems, Inc.
20-Aug-2020 21:02:37.131 INFO [main] org.apache.catalina.startup.VersionLoggerListener.log CATALINA_BASE:         /workspace/web-dev-college-and-etc/tomcat9
20-Aug-2020 21:02:37.131 INFO [main] org.apache.catalina.startup.VersionLoggerListener.log CATALINA_HOME:         /workspace/web-dev-college-and-etc/tomcat9
20-Aug-2020 21:02:37.165 INFO [main] org.apache.catalina.startup.VersionLoggerListener.log Command line argument: -Xmx2254m
20-Aug-2020 21:02:37.169 INFO [main] org.apache.catalina.startup.VersionLoggerListener.log Command line argument: --add-opens=java.base/java.lang=ALL-UNNAMED
20-Aug-2020 21:02:37.169 INFO [main] org.apache.catalina.startup.VersionLoggerListener.log Command line argument: --add-opens=java.base/java.io=ALL-UNNAMED
20-Aug-2020 21:02:37.170 INFO [main] org.apache.catalina.startup.VersionLoggerListener.log Command line argument: --add-opens=java.rmi/sun.rmi.transport=ALL-UNNAMED
20-Aug-2020 21:02:37.170 INFO [main] org.apache.catalina.startup.VersionLoggerListener.log Command line argument: -Djava.util.logging.config.file=/workspace/web-dev-college-and-etc/tomcat9/conf/logging.properties
20-Aug-2020 21:02:37.171 INFO [main] org.apache.catalina.startup.VersionLoggerListener.log Command line argument: -Djava.util.logging.manager=org.apache.juli.ClassLoaderLogManager
20-Aug-2020 21:02:37.171 INFO [main] org.apache.catalina.startup.VersionLoggerListener.log Command line argument: -Djdk.tls.ephemeralDHKeySize=2048
20-Aug-2020 21:02:37.172 INFO [main] org.apache.catalina.startup.VersionLoggerListener.log Command line argument: -Djava.protocol.handler.pkgs=org.apache.catalina.webresources
20-Aug-2020 21:02:37.172 INFO [main] org.apache.catalina.startup.VersionLoggerListener.log Command line argument: -Dorg.apache.catalina.security.SecurityListener.UMASK=0027
20-Aug-2020 21:02:37.172 INFO [main] org.apache.catalina.startup.VersionLoggerListener.log Command line argument: -Dignore.endorsed.dirs=
20-Aug-2020 21:02:37.173 INFO [main] org.apache.catalina.startup.VersionLoggerListener.log Command line argument: -Dcatalina.base=/workspace/web-dev-college-and-etc/tomcat9
20-Aug-2020 21:02:37.173 INFO [main] org.apache.catalina.startup.VersionLoggerListener.log Command line argument: -Dcatalina.home=/workspace/web-dev-college-and-etc/tomcat9
20-Aug-2020 21:02:37.173 INFO [main] org.apache.catalina.startup.VersionLoggerListener.log Command line argument: -Djava.io.tmpdir=/workspace/web-dev-college-and-etc/tomcat9/temp
20-Aug-2020 21:02:37.173 INFO [main] org.apache.catalina.core.AprLifecycleListener.lifecycleEvent The Apache Tomcat Native library which allows using OpenSSL was not found on the java.library.path: [/usr/java/packages/lib:/usr/lib64:/lib64:/lib:/usr/lib]
20-Aug-2020 21:02:37.688 INFO [main] org.apache.coyote.AbstractProtocol.init Initializing ProtocolHandler ["http-nio-8080"]
20-Aug-2020 21:02:37.743 INFO [main] org.apache.catalina.startup.Catalina.load Server initialization in [1013] milliseconds
20-Aug-2020 21:02:37.856 INFO [main] org.apache.catalina.core.StandardService.startInternal Starting service [Catalina]
20-Aug-2020 21:02:37.857 INFO [main] org.apache.catalina.core.StandardEngine.startInternal Starting Servlet engine: [Apache Tomcat/9.0.37]
20-Aug-2020 21:02:37.882 INFO [main] org.apache.catalina.startup.HostConfig.deployWAR Deploying web application archive [/workspace/web-dev-college-and-etc/tomcat9/webapps/swa.war]
20-Aug-2020 21:02:37.927 INFO [main] org.apache.catalina.startup.ExpandWar.expand An expanded directory [/workspace/web-dev-college-and-etc/tomcat9/webapps/swa] was found with a last modified time that did not match the associated WAR. It will be deleted.
20-Aug-2020 21:02:38.366 INFO [main] org.apache.catalina.startup.HostConfig.deployWAR Deployment of web application archive [/workspace/web-dev-college-and-etc/tomcat9/webapps/swa.war] has finished in [484] ms
20-Aug-2020 21:02:38.368 INFO [main] org.apache.catalina.startup.HostConfig.deployDirectory Deploying web application directory [/workspace/web-dev-college-and-etc/tomcat9/webapps/docs]
20-Aug-2020 21:02:38.394 INFO [main] org.apache.catalina.startup.HostConfig.deployDirectory Deployment of web application directory [/workspace/web-dev-college-and-etc/tomcat9/webapps/docs] has finished in [26] ms
20-Aug-2020 21:02:38.394 INFO [main] org.apache.catalina.startup.HostConfig.deployDirectory Deploying web application directory [/workspace/web-dev-college-and-etc/tomcat9/webapps/examples]
20-Aug-2020 21:02:38.717 INFO [main] org.apache.catalina.startup.HostConfig.deployDirectory Deployment of web application directory [/workspace/web-dev-college-and-etc/tomcat9/webapps/examples] has finished in [323] ms
20-Aug-2020 21:02:38.719 INFO [main] org.apache.catalina.startup.HostConfig.deployDirectory Deploying web application directory [/workspace/web-dev-college-and-etc/tomcat9/webapps/ROOT]
20-Aug-2020 21:02:38.739 INFO [main] org.apache.catalina.startup.HostConfig.deployDirectory Deployment of web application directory [/workspace/web-dev-college-and-etc/tomcat9/webapps/ROOT] has finished in [20] ms
20-Aug-2020 21:02:38.739 INFO [main] org.apache.catalina.startup.HostConfig.deployDirectory Deploying web application directory [/workspace/web-dev-college-and-etc/tomcat9/webapps/host-manager]
20-Aug-2020 21:02:38.783 INFO [main] org.apache.catalina.startup.HostConfig.deployDirectory Deployment of web application directory [/workspace/web-dev-college-and-etc/tomcat9/webapps/host-manager] has finished in [43] ms
20-Aug-2020 21:02:38.783 INFO [main] org.apache.catalina.startup.HostConfig.deployDirectory Deploying web application directory [/workspace/web-dev-college-and-etc/tomcat9/webapps/manager]
20-Aug-2020 21:02:38.829 INFO [main] org.apache.catalina.startup.HostConfig.deployDirectory Deployment of web application directory [/workspace/web-dev-college-and-etc/tomcat9/webapps/manager] has finished in [46] ms
20-Aug-2020 21:02:38.839 INFO [main] org.apache.coyote.AbstractProtocol.start Starting ProtocolHandler ["http-nio-8080"]
20-Aug-2020 21:02:38.858 INFO [main] org.apache.catalina.startup.Catalina.start Server startup in [1114] milliseconds
20-Aug-2020 21:04:20.611 INFO [main] org.apache.catalina.core.StandardServer.await A valid shutdown command was received via the shutdown port. Stopping the Server instance.
20-Aug-2020 21:04:20.612 INFO [main] org.apache.coyote.AbstractProtocol.pause Pausing ProtocolHandler ["http-nio-8080"]
20-Aug-2020 21:04:20.616 INFO [main] org.apache.catalina.core.StandardService.stopInternal Stopping service [Catalina]
20-Aug-2020 21:04:20.663 INFO [main] org.apache.coyote.AbstractProtocol.stop Stopping ProtocolHandler ["http-nio-8080"]
20-Aug-2020 21:04:20.674 INFO [main] org.apache.coyote.AbstractProtocol.destroy Destroying ProtocolHandler ["http-nio-8080"]
20-Aug-2020 21:04:58.944 INFO [main] org.apache.catalina.startup.VersionLoggerListener.log Server version name:   Apache Tomcat/9.0.37
20-Aug-2020 21:04:58.952 INFO [main] org.apache.catalina.startup.VersionLoggerListener.log Server built:          Jun 30 2020 20:09:49 UTC
20-Aug-2020 21:04:58.952 INFO [main] org.apache.catalina.startup.VersionLoggerListener.log Server version number: 9.0.37.0
20-Aug-2020 21:04:58.953 INFO [main] org.apache.catalina.startup.VersionLoggerListener.log OS Name:               Linux
20-Aug-2020 21:04:58.953 INFO [main] org.apache.catalina.startup.VersionLoggerListener.log OS Version:            4.14.138+
20-Aug-2020 21:04:58.954 INFO [main] org.apache.catalina.startup.VersionLoggerListener.log Architecture:          amd64
20-Aug-2020 21:04:58.955 INFO [main] org.apache.catalina.startup.VersionLoggerListener.log Java Home:             /home/gitpod/.sdkman/candidates/java/11.0.6.fx-zulu
20-Aug-2020 21:04:58.955 INFO [main] org.apache.catalina.startup.VersionLoggerListener.log JVM Version:           11.0.6+10-LTS
20-Aug-2020 21:04:58.955 INFO [main] org.apache.catalina.startup.VersionLoggerListener.log JVM Vendor:            Azul Systems, Inc.
20-Aug-2020 21:04:58.955 INFO [main] org.apache.catalina.startup.VersionLoggerListener.log CATALINA_BASE:         /workspace/web-dev-college-and-etc/tomcat9
20-Aug-2020 21:04:58.955 INFO [main] org.apache.catalina.startup.VersionLoggerListener.log CATALINA_HOME:         /workspace/web-dev-college-and-etc/tomcat9
20-Aug-2020 21:04:58.972 INFO [main] org.apache.catalina.startup.VersionLoggerListener.log Command line argument: -Xmx2254m
20-Aug-2020 21:04:58.972 INFO [main] org.apache.catalina.startup.VersionLoggerListener.log Command line argument: --add-opens=java.base/java.lang=ALL-UNNAMED
20-Aug-2020 21:04:58.973 INFO [main] org.apache.catalina.startup.VersionLoggerListener.log Command line argument: --add-opens=java.base/java.io=ALL-UNNAMED
20-Aug-2020 21:04:58.973 INFO [main] org.apache.catalina.startup.VersionLoggerListener.log Command line argument: --add-opens=java.rmi/sun.rmi.transport=ALL-UNNAMED
20-Aug-2020 21:04:58.973 INFO [main] org.apache.catalina.startup.VersionLoggerListener.log Command line argument: -Djava.util.logging.config.file=/workspace/web-dev-college-and-etc/tomcat9/conf/logging.properties
20-Aug-2020 21:04:58.974 INFO [main] org.apache.catalina.startup.VersionLoggerListener.log Command line argument: -Djava.util.logging.manager=org.apache.juli.ClassLoaderLogManager
20-Aug-2020 21:04:58.974 INFO [main] org.apache.catalina.startup.VersionLoggerListener.log Command line argument: -Djdk.tls.ephemeralDHKeySize=2048
20-Aug-2020 21:04:58.974 INFO [main] org.apache.catalina.startup.VersionLoggerListener.log Command line argument: -Djava.protocol.handler.pkgs=org.apache.catalina.webresources
20-Aug-2020 21:04:58.974 INFO [main] org.apache.catalina.startup.VersionLoggerListener.log Command line argument: -Dorg.apache.catalina.security.SecurityListener.UMASK=0027
20-Aug-2020 21:04:58.975 INFO [main] org.apache.catalina.startup.VersionLoggerListener.log Command line argument: -Dignore.endorsed.dirs=
20-Aug-2020 21:04:58.975 INFO [main] org.apache.catalina.startup.VersionLoggerListener.log Command line argument: -Dcatalina.base=/workspace/web-dev-college-and-etc/tomcat9
20-Aug-2020 21:04:58.975 INFO [main] org.apache.catalina.startup.VersionLoggerListener.log Command line argument: -Dcatalina.home=/workspace/web-dev-college-and-etc/tomcat9
20-Aug-2020 21:04:58.975 INFO [main] org.apache.catalina.startup.VersionLoggerListener.log Command line argument: -Djava.io.tmpdir=/workspace/web-dev-college-and-etc/tomcat9/temp
20-Aug-2020 21:04:58.976 INFO [main] org.apache.catalina.core.AprLifecycleListener.lifecycleEvent The Apache Tomcat Native library which allows using OpenSSL was not found on the java.library.path: [/usr/java/packages/lib:/usr/lib64:/lib64:/lib:/usr/lib]
20-Aug-2020 21:04:59.488 INFO [main] org.apache.coyote.AbstractProtocol.init Initializing ProtocolHandler ["http-nio-8080"]
20-Aug-2020 21:04:59.548 INFO [main] org.apache.catalina.startup.Catalina.load Server initialization in [1004] milliseconds
20-Aug-2020 21:04:59.636 INFO [main] org.apache.catalina.core.StandardService.startInternal Starting service [Catalina]
20-Aug-2020 21:04:59.636 INFO [main] org.apache.catalina.core.StandardEngine.startInternal Starting Servlet engine: [Apache Tomcat/9.0.37]
20-Aug-2020 21:04:59.661 INFO [main] org.apache.catalina.startup.HostConfig.deployWAR Deploying web application archive [/workspace/web-dev-college-and-etc/tomcat9/webapps/swa.war]
20-Aug-2020 21:05:00.141 INFO [main] org.apache.catalina.startup.HostConfig.deployWAR Deployment of web application archive [/workspace/web-dev-college-and-etc/tomcat9/webapps/swa.war] has finished in [479] ms
20-Aug-2020 21:05:00.142 INFO [main] org.apache.catalina.startup.HostConfig.deployDirectory Deploying web application directory [/workspace/web-dev-college-and-etc/tomcat9/webapps/docs]
20-Aug-2020 21:05:00.176 INFO [main] org.apache.catalina.startup.HostConfig.deployDirectory Deployment of web application directory [/workspace/web-dev-college-and-etc/tomcat9/webapps/docs] has finished in [34] ms
20-Aug-2020 21:05:00.177 INFO [main] org.apache.catalina.startup.HostConfig.deployDirectory Deploying web application directory [/workspace/web-dev-college-and-etc/tomcat9/webapps/examples]
20-Aug-2020 21:05:00.495 INFO [main] org.apache.catalina.startup.HostConfig.deployDirectory Deployment of web application directory [/workspace/web-dev-college-and-etc/tomcat9/webapps/examples] has finished in [318] ms
20-Aug-2020 21:05:00.496 INFO [main] org.apache.catalina.startup.HostConfig.deployDirectory Deploying web application directory [/workspace/web-dev-college-and-etc/tomcat9/webapps/ROOT]
20-Aug-2020 21:05:00.515 INFO [main] org.apache.catalina.startup.HostConfig.deployDirectory Deployment of web application directory [/workspace/web-dev-college-and-etc/tomcat9/webapps/ROOT] has finished in [20] ms
20-Aug-2020 21:05:00.515 INFO [main] org.apache.catalina.startup.HostConfig.deployDirectory Deploying web application directory [/workspace/web-dev-college-and-etc/tomcat9/webapps/host-manager]
20-Aug-2020 21:05:00.548 INFO [main] org.apache.catalina.startup.HostConfig.deployDirectory Deployment of web application directory [/workspace/web-dev-college-and-etc/tomcat9/webapps/host-manager] has finished in [33] ms
20-Aug-2020 21:05:00.548 INFO [main] org.apache.catalina.startup.HostConfig.deployDirectory Deploying web application directory [/workspace/web-dev-college-and-etc/tomcat9/webapps/manager]
20-Aug-2020 21:05:00.593 INFO [main] org.apache.catalina.startup.HostConfig.deployDirectory Deployment of web application directory [/workspace/web-dev-college-and-etc/tomcat9/webapps/manager] has finished in [45] ms
20-Aug-2020 21:05:00.598 INFO [main] org.apache.coyote.AbstractProtocol.start Starting ProtocolHandler ["http-nio-8080"]
20-Aug-2020 21:05:00.626 INFO [main] org.apache.catalina.startup.Catalina.start Server startup in [1076] milliseconds
20-Aug-2020 21:05:24.003 INFO [main] org.apache.catalina.core.StandardServer.await A valid shutdown command was received via the shutdown port. Stopping the Server instance.
20-Aug-2020 21:05:24.004 INFO [main] org.apache.coyote.AbstractProtocol.pause Pausing ProtocolHandler ["http-nio-8080"]
20-Aug-2020 21:05:24.014 INFO [main] org.apache.catalina.core.StandardService.stopInternal Stopping service [Catalina]
20-Aug-2020 21:05:24.049 INFO [main] org.apache.coyote.AbstractProtocol.stop Stopping ProtocolHandler ["http-nio-8080"]
20-Aug-2020 21:05:24.052 INFO [main] org.apache.coyote.AbstractProtocol.destroy Destroying ProtocolHandler ["http-nio-8080"]
20-Aug-2020 21:05:37.038 INFO [main] org.apache.catalina.startup.VersionLoggerListener.log Server version name:   Apache Tomcat/9.0.37
20-Aug-2020 21:05:37.046 INFO [main] org.apache.catalina.startup.VersionLoggerListener.log Server built:          Jun 30 2020 20:09:49 UTC
20-Aug-2020 21:05:37.047 INFO [main] org.apache.catalina.startup.VersionLoggerListener.log Server version number: 9.0.37.0
20-Aug-2020 21:05:37.047 INFO [main] org.apache.catalina.startup.VersionLoggerListener.log OS Name:               Linux
20-Aug-2020 21:05:37.048 INFO [main] org.apache.catalina.startup.VersionLoggerListener.log OS Version:            4.14.138+
20-Aug-2020 21:05:37.048 INFO [main] org.apache.catalina.startup.VersionLoggerListener.log Architecture:          amd64
20-Aug-2020 21:05:37.048 INFO [main] org.apache.catalina.startup.VersionLoggerListener.log Java Home:             /home/gitpod/.sdkman/candidates/java/11.0.6.fx-zulu
20-Aug-2020 21:05:37.048 INFO [main] org.apache.catalina.startup.VersionLoggerListener.log JVM Version:           11.0.6+10-LTS
20-Aug-2020 21:05:37.049 INFO [main] org.apache.catalina.startup.VersionLoggerListener.log JVM Vendor:            Azul Systems, Inc.
20-Aug-2020 21:05:37.049 INFO [main] org.apache.catalina.startup.VersionLoggerListener.log CATALINA_BASE:         /workspace/web-dev-college-and-etc/tomcat9
20-Aug-2020 21:05:37.049 INFO [main] org.apache.catalina.startup.VersionLoggerListener.log CATALINA_HOME:         /workspace/web-dev-college-and-etc/tomcat9
20-Aug-2020 21:05:37.064 INFO [main] org.apache.catalina.startup.VersionLoggerListener.log Command line argument: -Xmx2254m
20-Aug-2020 21:05:37.064 INFO [main] org.apache.catalina.startup.VersionLoggerListener.log Command line argument: --add-opens=java.base/java.lang=ALL-UNNAMED
20-Aug-2020 21:05:37.068 INFO [main] org.apache.catalina.startup.VersionLoggerListener.log Command line argument: --add-opens=java.base/java.io=ALL-UNNAMED
20-Aug-2020 21:05:37.068 INFO [main] org.apache.catalina.startup.VersionLoggerListener.log Command line argument: --add-opens=java.rmi/sun.rmi.transport=ALL-UNNAMED
20-Aug-2020 21:05:37.068 INFO [main] org.apache.catalina.startup.VersionLoggerListener.log Command line argument: -Djava.util.logging.config.file=/workspace/web-dev-college-and-etc/tomcat9/conf/logging.properties
20-Aug-2020 21:05:37.068 INFO [main] org.apache.catalina.startup.VersionLoggerListener.log Command line argument: -Djava.util.logging.manager=org.apache.juli.ClassLoaderLogManager
20-Aug-2020 21:05:37.068 INFO [main] org.apache.catalina.startup.VersionLoggerListener.log Command line argument: -Djdk.tls.ephemeralDHKeySize=2048
20-Aug-2020 21:05:37.069 INFO [main] org.apache.catalina.startup.VersionLoggerListener.log Command line argument: -Djava.protocol.handler.pkgs=org.apache.catalina.webresources
20-Aug-2020 21:05:37.069 INFO [main] org.apache.catalina.startup.VersionLoggerListener.log Command line argument: -Dorg.apache.catalina.security.SecurityListener.UMASK=0027
20-Aug-2020 21:05:37.069 INFO [main] org.apache.catalina.startup.VersionLoggerListener.log Command line argument: -Dignore.endorsed.dirs=
20-Aug-2020 21:05:37.069 INFO [main] org.apache.catalina.startup.VersionLoggerListener.log Command line argument: -Dcatalina.base=/workspace/web-dev-college-and-etc/tomcat9
20-Aug-2020 21:05:37.069 INFO [main] org.apache.catalina.startup.VersionLoggerListener.log Command line argument: -Dcatalina.home=/workspace/web-dev-college-and-etc/tomcat9
20-Aug-2020 21:05:37.069 INFO [main] org.apache.catalina.startup.VersionLoggerListener.log Command line argument: -Djava.io.tmpdir=/workspace/web-dev-college-and-etc/tomcat9/temp
20-Aug-2020 21:05:37.070 INFO [main] org.apache.catalina.core.AprLifecycleListener.lifecycleEvent The Apache Tomcat Native library which allows using OpenSSL was not found on the java.library.path: [/usr/java/packages/lib:/usr/lib64:/lib64:/lib:/usr/lib]
20-Aug-2020 21:05:37.570 INFO [main] org.apache.coyote.AbstractProtocol.init Initializing ProtocolHandler ["http-nio-8080"]
20-Aug-2020 21:05:37.604 INFO [main] org.apache.catalina.startup.Catalina.load Server initialization in [965] milliseconds
20-Aug-2020 21:05:37.690 INFO [main] org.apache.catalina.core.StandardService.startInternal Starting service [Catalina]
20-Aug-2020 21:05:37.691 INFO [main] org.apache.catalina.core.StandardEngine.startInternal Starting Servlet engine: [Apache Tomcat/9.0.37]
20-Aug-2020 21:05:37.712 INFO [main] org.apache.catalina.startup.HostConfig.deployWAR Deploying web application archive [/workspace/web-dev-college-and-etc/tomcat9/webapps/swa.war]
20-Aug-2020 21:05:37.749 INFO [main] org.apache.catalina.startup.ExpandWar.expand An expanded directory [/workspace/web-dev-college-and-etc/tomcat9/webapps/swa] was found with a last modified time that did not match the associated WAR. It will be deleted.
20-Aug-2020 21:05:38.153 INFO [main] org.apache.catalina.startup.HostConfig.deployWAR Deployment of web application archive [/workspace/web-dev-college-and-etc/tomcat9/webapps/swa.war] has finished in [440] ms
20-Aug-2020 21:05:38.154 INFO [main] org.apache.catalina.startup.HostConfig.deployDirectory Deploying web application directory [/workspace/web-dev-college-and-etc/tomcat9/webapps/docs]
20-Aug-2020 21:05:38.183 INFO [main] org.apache.catalina.startup.HostConfig.deployDirectory Deployment of web application directory [/workspace/web-dev-college-and-etc/tomcat9/webapps/docs] has finished in [29] ms
20-Aug-2020 21:05:38.184 INFO [main] org.apache.catalina.startup.HostConfig.deployDirectory Deploying web application directory [/workspace/web-dev-college-and-etc/tomcat9/webapps/examples]
20-Aug-2020 21:05:38.478 INFO [main] org.apache.catalina.startup.HostConfig.deployDirectory Deployment of web application directory [/workspace/web-dev-college-and-etc/tomcat9/webapps/examples] has finished in [294] ms
20-Aug-2020 21:05:38.478 INFO [main] org.apache.catalina.startup.HostConfig.deployDirectory Deploying web application directory [/workspace/web-dev-college-and-etc/tomcat9/webapps/ROOT]
20-Aug-2020 21:05:38.501 INFO [main] org.apache.catalina.startup.HostConfig.deployDirectory Deployment of web application directory [/workspace/web-dev-college-and-etc/tomcat9/webapps/ROOT] has finished in [23] ms
20-Aug-2020 21:05:38.501 INFO [main] org.apache.catalina.startup.HostConfig.deployDirectory Deploying web application directory [/workspace/web-dev-college-and-etc/tomcat9/webapps/host-manager]
20-Aug-2020 21:05:38.537 INFO [main] org.apache.catalina.startup.HostConfig.deployDirectory Deployment of web application directory [/workspace/web-dev-college-and-etc/tomcat9/webapps/host-manager] has finished in [36] ms
20-Aug-2020 21:05:38.537 INFO [main] org.apache.catalina.startup.HostConfig.deployDirectory Deploying web application directory [/workspace/web-dev-college-and-etc/tomcat9/webapps/manager]
20-Aug-2020 21:05:38.567 INFO [main] org.apache.catalina.startup.HostConfig.deployDirectory Deployment of web application directory [/workspace/web-dev-college-and-etc/tomcat9/webapps/manager] has finished in [29] ms
20-Aug-2020 21:05:38.578 INFO [main] org.apache.coyote.AbstractProtocol.start Starting ProtocolHandler ["http-nio-8080"]
20-Aug-2020 21:05:38.604 INFO [main] org.apache.catalina.startup.Catalina.start Server startup in [997] milliseconds
20-Aug-2020 21:20:22.811 INFO [main] org.apache.catalina.core.StandardServer.await A valid shutdown command was received via the shutdown port. Stopping the Server instance.
20-Aug-2020 21:20:22.813 INFO [main] org.apache.coyote.AbstractProtocol.pause Pausing ProtocolHandler ["http-nio-8080"]
20-Aug-2020 21:20:22.833 INFO [main] org.apache.catalina.core.StandardService.stopInternal Stopping service [Catalina]
20-Aug-2020 21:20:22.915 INFO [main] org.apache.coyote.AbstractProtocol.stop Stopping ProtocolHandler ["http-nio-8080"]
20-Aug-2020 21:20:22.927 INFO [main] org.apache.coyote.AbstractProtocol.destroy Destroying ProtocolHandler ["http-nio-8080"]
20-Aug-2020 21:20:31.875 INFO [main] org.apache.catalina.startup.VersionLoggerListener.log Server version name:   Apache Tomcat/9.0.37
20-Aug-2020 21:20:31.887 INFO [main] org.apache.catalina.startup.VersionLoggerListener.log Server built:          Jun 30 2020 20:09:49 UTC
20-Aug-2020 21:20:31.887 INFO [main] org.apache.catalina.startup.VersionLoggerListener.log Server version number: 9.0.37.0
20-Aug-2020 21:20:31.887 INFO [main] org.apache.catalina.startup.VersionLoggerListener.log OS Name:               Linux
20-Aug-2020 21:20:31.887 INFO [main] org.apache.catalina.startup.VersionLoggerListener.log OS Version:            4.14.138+
20-Aug-2020 21:20:31.888 INFO [main] org.apache.catalina.startup.VersionLoggerListener.log Architecture:          amd64
20-Aug-2020 21:20:31.890 INFO [main] org.apache.catalina.startup.VersionLoggerListener.log Java Home:             /home/gitpod/.sdkman/candidates/java/11.0.6.fx-zulu
20-Aug-2020 21:20:31.890 INFO [main] org.apache.catalina.startup.VersionLoggerListener.log JVM Version:           11.0.6+10-LTS
20-Aug-2020 21:20:31.890 INFO [main] org.apache.catalina.startup.VersionLoggerListener.log JVM Vendor:            Azul Systems, Inc.
20-Aug-2020 21:20:31.891 INFO [main] org.apache.catalina.startup.VersionLoggerListener.log CATALINA_BASE:         /workspace/web-dev-college-and-etc/tomcat9
20-Aug-2020 21:20:31.891 INFO [main] org.apache.catalina.startup.VersionLoggerListener.log CATALINA_HOME:         /workspace/web-dev-college-and-etc/tomcat9
20-Aug-2020 21:20:31.918 INFO [main] org.apache.catalina.startup.VersionLoggerListener.log Command line argument: -Xmx2254m
20-Aug-2020 21:20:31.919 INFO [main] org.apache.catalina.startup.VersionLoggerListener.log Command line argument: --add-opens=java.base/java.lang=ALL-UNNAMED
20-Aug-2020 21:20:31.919 INFO [main] org.apache.catalina.startup.VersionLoggerListener.log Command line argument: --add-opens=java.base/java.io=ALL-UNNAMED
20-Aug-2020 21:20:31.919 INFO [main] org.apache.catalina.startup.VersionLoggerListener.log Command line argument: --add-opens=java.rmi/sun.rmi.transport=ALL-UNNAMED
20-Aug-2020 21:20:31.920 INFO [main] org.apache.catalina.startup.VersionLoggerListener.log Command line argument: -Djava.util.logging.config.file=/workspace/web-dev-college-and-etc/tomcat9/conf/logging.properties
20-Aug-2020 21:20:31.920 INFO [main] org.apache.catalina.startup.VersionLoggerListener.log Command line argument: -Djava.util.logging.manager=org.apache.juli.ClassLoaderLogManager
20-Aug-2020 21:20:31.920 INFO [main] org.apache.catalina.startup.VersionLoggerListener.log Command line argument: -Djdk.tls.ephemeralDHKeySize=2048
20-Aug-2020 21:20:31.920 INFO [main] org.apache.catalina.startup.VersionLoggerListener.log Command line argument: -Djava.protocol.handler.pkgs=org.apache.catalina.webresources
20-Aug-2020 21:20:31.920 INFO [main] org.apache.catalina.startup.VersionLoggerListener.log Command line argument: -Dorg.apache.catalina.security.SecurityListener.UMASK=0027
20-Aug-2020 21:20:31.920 INFO [main] org.apache.catalina.startup.VersionLoggerListener.log Command line argument: -Dignore.endorsed.dirs=
20-Aug-2020 21:20:31.920 INFO [main] org.apache.catalina.startup.VersionLoggerListener.log Command line argument: -Dcatalina.base=/workspace/web-dev-college-and-etc/tomcat9
20-Aug-2020 21:20:31.921 INFO [main] org.apache.catalina.startup.VersionLoggerListener.log Command line argument: -Dcatalina.home=/workspace/web-dev-college-and-etc/tomcat9
20-Aug-2020 21:20:31.921 INFO [main] org.apache.catalina.startup.VersionLoggerListener.log Command line argument: -Djava.io.tmpdir=/workspace/web-dev-college-and-etc/tomcat9/temp
20-Aug-2020 21:20:31.922 INFO [main] org.apache.catalina.core.AprLifecycleListener.lifecycleEvent The Apache Tomcat Native library which allows using OpenSSL was not found on the java.library.path: [/usr/java/packages/lib:/usr/lib64:/lib64:/lib:/usr/lib]
20-Aug-2020 21:20:32.498 INFO [main] org.apache.coyote.AbstractProtocol.init Initializing ProtocolHandler ["http-nio-8080"]
20-Aug-2020 21:20:32.555 INFO [main] org.apache.catalina.startup.Catalina.load Server initialization in [1102] milliseconds
20-Aug-2020 21:20:32.693 INFO [main] org.apache.catalina.core.StandardService.startInternal Starting service [Catalina]
20-Aug-2020 21:20:32.694 INFO [main] org.apache.catalina.core.StandardEngine.startInternal Starting Servlet engine: [Apache Tomcat/9.0.37]
20-Aug-2020 21:20:32.718 INFO [main] org.apache.catalina.startup.HostConfig.deployWAR Deploying web application archive [/workspace/web-dev-college-and-etc/tomcat9/webapps/swa.war]
20-Aug-2020 21:20:32.749 INFO [main] org.apache.catalina.startup.ExpandWar.expand An expanded directory [/workspace/web-dev-college-and-etc/tomcat9/webapps/swa] was found with a last modified time that did not match the associated WAR. It will be deleted.
20-Aug-2020 21:20:33.244 INFO [main] org.apache.catalina.startup.HostConfig.deployWAR Deployment of web application archive [/workspace/web-dev-college-and-etc/tomcat9/webapps/swa.war] has finished in [525] ms
20-Aug-2020 21:20:33.245 INFO [main] org.apache.catalina.startup.HostConfig.deployDirectory Deploying web application directory [/workspace/web-dev-college-and-etc/tomcat9/webapps/docs]
20-Aug-2020 21:20:33.278 INFO [main] org.apache.catalina.startup.HostConfig.deployDirectory Deployment of web application directory [/workspace/web-dev-college-and-etc/tomcat9/webapps/docs] has finished in [33] ms
20-Aug-2020 21:20:33.279 INFO [main] org.apache.catalina.startup.HostConfig.deployDirectory Deploying web application directory [/workspace/web-dev-college-and-etc/tomcat9/webapps/examples]
20-Aug-2020 21:20:33.666 INFO [main] org.apache.catalina.startup.HostConfig.deployDirectory Deployment of web application directory [/workspace/web-dev-college-and-etc/tomcat9/webapps/examples] has finished in [387] ms
20-Aug-2020 21:20:33.667 INFO [main] org.apache.catalina.startup.HostConfig.deployDirectory Deploying web application directory [/workspace/web-dev-college-and-etc/tomcat9/webapps/ROOT]
20-Aug-2020 21:20:33.699 INFO [main] org.apache.catalina.startup.HostConfig.deployDirectory Deployment of web application directory [/workspace/web-dev-college-and-etc/tomcat9/webapps/ROOT] has finished in [33] ms
20-Aug-2020 21:20:33.700 INFO [main] org.apache.catalina.startup.HostConfig.deployDirectory Deploying web application directory [/workspace/web-dev-college-and-etc/tomcat9/webapps/host-manager]
20-Aug-2020 21:20:33.747 INFO [main] org.apache.catalina.startup.HostConfig.deployDirectory Deployment of web application directory [/workspace/web-dev-college-and-etc/tomcat9/webapps/host-manager] has finished in [46] ms
20-Aug-2020 21:20:33.747 INFO [main] org.apache.catalina.startup.HostConfig.deployDirectory Deploying web application directory [/workspace/web-dev-college-and-etc/tomcat9/webapps/manager]
20-Aug-2020 21:20:33.793 INFO [main] org.apache.catalina.startup.HostConfig.deployDirectory Deployment of web application directory [/workspace/web-dev-college-and-etc/tomcat9/webapps/manager] has finished in [44] ms
20-Aug-2020 21:20:33.801 INFO [main] org.apache.coyote.AbstractProtocol.start Starting ProtocolHandler ["http-nio-8080"]
20-Aug-2020 21:20:33.824 INFO [main] org.apache.catalina.startup.Catalina.start Server startup in [1265] milliseconds
20-Aug-2020 21:21:32.632 INFO [main] org.apache.catalina.core.StandardServer.await A valid shutdown command was received via the shutdown port. Stopping the Server instance.
20-Aug-2020 21:21:32.634 INFO [main] org.apache.coyote.AbstractProtocol.pause Pausing ProtocolHandler ["http-nio-8080"]
20-Aug-2020 21:21:32.647 INFO [main] org.apache.catalina.core.StandardService.stopInternal Stopping service [Catalina]
20-Aug-2020 21:21:32.717 INFO [main] org.apache.coyote.AbstractProtocol.stop Stopping ProtocolHandler ["http-nio-8080"]
20-Aug-2020 21:21:32.726 INFO [main] org.apache.coyote.AbstractProtocol.destroy Destroying ProtocolHandler ["http-nio-8080"]
