10-Oct-2020 11:08:53.357 INFO [main] org.apache.catalina.startup.VersionLoggerListener.log Server version name:   Apache Tomcat/9.0.37
10-Oct-2020 11:08:53.390 INFO [main] org.apache.catalina.startup.VersionLoggerListener.log Server built:          Jun 30 2020 20:09:49 UTC
10-Oct-2020 11:08:53.390 INFO [main] org.apache.catalina.startup.VersionLoggerListener.log Server version number: 9.0.37.0
10-Oct-2020 11:08:53.391 INFO [main] org.apache.catalina.startup.VersionLoggerListener.log OS Name:               Linux
10-Oct-2020 11:08:53.391 INFO [main] org.apache.catalina.startup.VersionLoggerListener.log OS Version:            4.19.0-5-amd64
10-Oct-2020 11:08:53.391 INFO [main] org.apache.catalina.startup.VersionLoggerListener.log Architecture:          amd64
10-Oct-2020 11:08:53.391 INFO [main] org.apache.catalina.startup.VersionLoggerListener.log Java Home:             /usr/lib/jvm/java-8-openjdk-amd64/jre
10-Oct-2020 11:08:53.391 INFO [main] org.apache.catalina.startup.VersionLoggerListener.log JVM Version:           1.8.0_265-8u265-b01-0+deb9u1-b01
10-Oct-2020 11:08:53.391 INFO [main] org.apache.catalina.startup.VersionLoggerListener.log JVM Vendor:            Oracle Corporation
10-Oct-2020 11:08:53.392 INFO [main] org.apache.catalina.startup.VersionLoggerListener.log CATALINA_BASE:         /home/blue-satan/Documents/repos/web-dev-college-and-etc/tomcat9
10-Oct-2020 11:08:53.392 INFO [main] org.apache.catalina.startup.VersionLoggerListener.log CATALINA_HOME:         /home/blue-satan/Documents/repos/web-dev-college-and-etc/tomcat9
10-Oct-2020 11:08:53.393 INFO [main] org.apache.catalina.startup.VersionLoggerListener.log Command line argument: -Djava.util.logging.config.file=/home/blue-satan/Documents/repos/web-dev-college-and-etc/tomcat9/conf/logging.properties
10-Oct-2020 11:08:53.393 INFO [main] org.apache.catalina.startup.VersionLoggerListener.log Command line argument: -Djava.util.logging.manager=org.apache.juli.ClassLoaderLogManager
10-Oct-2020 11:08:53.393 INFO [main] org.apache.catalina.startup.VersionLoggerListener.log Command line argument: -Djdk.tls.ephemeralDHKeySize=2048
10-Oct-2020 11:08:53.393 INFO [main] org.apache.catalina.startup.VersionLoggerListener.log Command line argument: -Djava.protocol.handler.pkgs=org.apache.catalina.webresources
10-Oct-2020 11:08:53.393 INFO [main] org.apache.catalina.startup.VersionLoggerListener.log Command line argument: -Dorg.apache.catalina.security.SecurityListener.UMASK=0027
10-Oct-2020 11:08:53.394 INFO [main] org.apache.catalina.startup.VersionLoggerListener.log Command line argument: -Dignore.endorsed.dirs=
10-Oct-2020 11:08:53.394 INFO [main] org.apache.catalina.startup.VersionLoggerListener.log Command line argument: -Dcatalina.base=/home/blue-satan/Documents/repos/web-dev-college-and-etc/tomcat9
10-Oct-2020 11:08:53.394 INFO [main] org.apache.catalina.startup.VersionLoggerListener.log Command line argument: -Dcatalina.home=/home/blue-satan/Documents/repos/web-dev-college-and-etc/tomcat9
10-Oct-2020 11:08:53.394 INFO [main] org.apache.catalina.startup.VersionLoggerListener.log Command line argument: -Djava.io.tmpdir=/home/blue-satan/Documents/repos/web-dev-college-and-etc/tomcat9/temp
10-Oct-2020 11:08:53.395 INFO [main] org.apache.catalina.core.AprLifecycleListener.lifecycleEvent The Apache Tomcat Native library which allows using OpenSSL was not found on the java.library.path: [/usr/java/packages/lib/amd64:/usr/lib/x86_64-linux-gnu/jni:/lib/x86_64-linux-gnu:/usr/lib/x86_64-linux-gnu:/usr/lib/jni:/lib:/usr/lib]
10-Oct-2020 11:08:53.885 INFO [main] org.apache.coyote.AbstractProtocol.init Initializing ProtocolHandler ["http-nio-8080"]
10-Oct-2020 11:08:53.944 INFO [main] org.apache.catalina.startup.Catalina.load Server initialization in [1234] milliseconds
10-Oct-2020 11:08:54.033 INFO [main] org.apache.catalina.core.StandardService.startInternal Starting service [Catalina]
10-Oct-2020 11:08:54.034 INFO [main] org.apache.catalina.core.StandardEngine.startInternal Starting Servlet engine: [Apache Tomcat/9.0.37]
10-Oct-2020 11:08:54.102 INFO [main] org.apache.catalina.startup.HostConfig.deployWAR Deploying web application archive [/home/blue-satan/Documents/repos/web-dev-college-and-etc/tomcat9/webapps/gradlewebtest2-0.0.1.war]
10-Oct-2020 11:08:54.557 INFO [main] org.apache.catalina.startup.HostConfig.deployWAR Deployment of web application archive [/home/blue-satan/Documents/repos/web-dev-college-and-etc/tomcat9/webapps/gradlewebtest2-0.0.1.war] has finished in [454] ms
10-Oct-2020 11:08:54.558 INFO [main] org.apache.catalina.startup.HostConfig.deployWAR Deploying web application archive [/home/blue-satan/Documents/repos/web-dev-college-and-etc/tomcat9/webapps/swa.war]
10-Oct-2020 11:08:54.615 INFO [main] org.apache.catalina.startup.HostConfig.deployWAR Deployment of web application archive [/home/blue-satan/Documents/repos/web-dev-college-and-etc/tomcat9/webapps/swa.war] has finished in [56] ms
10-Oct-2020 11:08:54.616 INFO [main] org.apache.catalina.startup.HostConfig.deployDirectory Deploying web application directory [/home/blue-satan/Documents/repos/web-dev-college-and-etc/tomcat9/webapps/ROOT]
10-Oct-2020 11:08:54.638 INFO [main] org.apache.catalina.startup.HostConfig.deployDirectory Deployment of web application directory [/home/blue-satan/Documents/repos/web-dev-college-and-etc/tomcat9/webapps/ROOT] has finished in [22] ms
10-Oct-2020 11:08:54.639 INFO [main] org.apache.catalina.startup.HostConfig.deployDirectory Deploying web application directory [/home/blue-satan/Documents/repos/web-dev-college-and-etc/tomcat9/webapps/manager]
10-Oct-2020 11:08:54.681 INFO [main] org.apache.catalina.startup.HostConfig.deployDirectory Deployment of web application directory [/home/blue-satan/Documents/repos/web-dev-college-and-etc/tomcat9/webapps/manager] has finished in [42] ms
10-Oct-2020 11:08:54.681 INFO [main] org.apache.catalina.startup.HostConfig.deployDirectory Deploying web application directory [/home/blue-satan/Documents/repos/web-dev-college-and-etc/tomcat9/webapps/docs]
10-Oct-2020 11:08:54.704 INFO [main] org.apache.catalina.startup.HostConfig.deployDirectory Deployment of web application directory [/home/blue-satan/Documents/repos/web-dev-college-and-etc/tomcat9/webapps/docs] has finished in [23] ms
10-Oct-2020 11:08:54.705 INFO [main] org.apache.catalina.startup.HostConfig.deployDirectory Deploying web application directory [/home/blue-satan/Documents/repos/web-dev-college-and-etc/tomcat9/webapps/examples]
10-Oct-2020 11:08:54.984 INFO [main] org.apache.catalina.startup.HostConfig.deployDirectory Deployment of web application directory [/home/blue-satan/Documents/repos/web-dev-college-and-etc/tomcat9/webapps/examples] has finished in [279] ms
10-Oct-2020 11:08:54.984 INFO [main] org.apache.catalina.startup.HostConfig.deployDirectory Deploying web application directory [/home/blue-satan/Documents/repos/web-dev-college-and-etc/tomcat9/webapps/host-manager]
10-Oct-2020 11:08:55.008 INFO [main] org.apache.catalina.startup.HostConfig.deployDirectory Deployment of web application directory [/home/blue-satan/Documents/repos/web-dev-college-and-etc/tomcat9/webapps/host-manager] has finished in [24] ms
10-Oct-2020 11:08:55.013 INFO [main] org.apache.coyote.AbstractProtocol.start Starting ProtocolHandler ["http-nio-8080"]
10-Oct-2020 11:08:55.030 INFO [main] org.apache.catalina.startup.Catalina.start Server startup in [1085] milliseconds
10-Oct-2020 11:12:15.269 INFO [main] org.apache.catalina.core.StandardServer.await A valid shutdown command was received via the shutdown port. Stopping the Server instance.
10-Oct-2020 11:12:15.269 INFO [main] org.apache.coyote.AbstractProtocol.pause Pausing ProtocolHandler ["http-nio-8080"]
10-Oct-2020 11:12:15.278 INFO [main] org.apache.catalina.core.StandardService.stopInternal Stopping service [Catalina]
10-Oct-2020 11:12:15.354 INFO [main] org.apache.coyote.AbstractProtocol.stop Stopping ProtocolHandler ["http-nio-8080"]
10-Oct-2020 11:12:15.357 INFO [main] org.apache.coyote.AbstractProtocol.destroy Destroying ProtocolHandler ["http-nio-8080"]
10-Oct-2020 11:21:00.401 INFO [main] org.apache.catalina.startup.VersionLoggerListener.log Server version name:   Apache Tomcat/9.0.37
10-Oct-2020 11:21:00.403 INFO [main] org.apache.catalina.startup.VersionLoggerListener.log Server built:          Jun 30 2020 20:09:49 UTC
10-Oct-2020 11:21:00.403 INFO [main] org.apache.catalina.startup.VersionLoggerListener.log Server version number: 9.0.37.0
10-Oct-2020 11:21:00.403 INFO [main] org.apache.catalina.startup.VersionLoggerListener.log OS Name:               Linux
10-Oct-2020 11:21:00.403 INFO [main] org.apache.catalina.startup.VersionLoggerListener.log OS Version:            4.19.0-5-amd64
10-Oct-2020 11:21:00.403 INFO [main] org.apache.catalina.startup.VersionLoggerListener.log Architecture:          amd64
10-Oct-2020 11:21:00.403 INFO [main] org.apache.catalina.startup.VersionLoggerListener.log Java Home:             /usr/lib/jvm/java-8-openjdk-amd64/jre
10-Oct-2020 11:21:00.404 INFO [main] org.apache.catalina.startup.VersionLoggerListener.log JVM Version:           1.8.0_265-8u265-b01-0+deb9u1-b01
10-Oct-2020 11:21:00.404 INFO [main] org.apache.catalina.startup.VersionLoggerListener.log JVM Vendor:            Oracle Corporation
10-Oct-2020 11:21:00.404 INFO [main] org.apache.catalina.startup.VersionLoggerListener.log CATALINA_BASE:         /home/blue-satan/Documents/repos/web-dev-college-and-etc/tomcat9
10-Oct-2020 11:21:00.404 INFO [main] org.apache.catalina.startup.VersionLoggerListener.log CATALINA_HOME:         /home/blue-satan/Documents/repos/web-dev-college-and-etc/tomcat9
10-Oct-2020 11:21:00.406 INFO [main] org.apache.catalina.startup.VersionLoggerListener.log Command line argument: -Djava.util.logging.config.file=/home/blue-satan/Documents/repos/web-dev-college-and-etc/tomcat9/conf/logging.properties
10-Oct-2020 11:21:00.406 INFO [main] org.apache.catalina.startup.VersionLoggerListener.log Command line argument: -Djava.util.logging.manager=org.apache.juli.ClassLoaderLogManager
10-Oct-2020 11:21:00.406 INFO [main] org.apache.catalina.startup.VersionLoggerListener.log Command line argument: -Djdk.tls.ephemeralDHKeySize=2048
10-Oct-2020 11:21:00.406 INFO [main] org.apache.catalina.startup.VersionLoggerListener.log Command line argument: -Djava.protocol.handler.pkgs=org.apache.catalina.webresources
10-Oct-2020 11:21:00.406 INFO [main] org.apache.catalina.startup.VersionLoggerListener.log Command line argument: -Dorg.apache.catalina.security.SecurityListener.UMASK=0027
10-Oct-2020 11:21:00.406 INFO [main] org.apache.catalina.startup.VersionLoggerListener.log Command line argument: -Dignore.endorsed.dirs=
10-Oct-2020 11:21:00.406 INFO [main] org.apache.catalina.startup.VersionLoggerListener.log Command line argument: -Dcatalina.base=/home/blue-satan/Documents/repos/web-dev-college-and-etc/tomcat9
10-Oct-2020 11:21:00.406 INFO [main] org.apache.catalina.startup.VersionLoggerListener.log Command line argument: -Dcatalina.home=/home/blue-satan/Documents/repos/web-dev-college-and-etc/tomcat9
10-Oct-2020 11:21:00.407 INFO [main] org.apache.catalina.startup.VersionLoggerListener.log Command line argument: -Djava.io.tmpdir=/home/blue-satan/Documents/repos/web-dev-college-and-etc/tomcat9/temp
10-Oct-2020 11:21:00.407 INFO [main] org.apache.catalina.core.AprLifecycleListener.lifecycleEvent The Apache Tomcat Native library which allows using OpenSSL was not found on the java.library.path: [/usr/java/packages/lib/amd64:/usr/lib/x86_64-linux-gnu/jni:/lib/x86_64-linux-gnu:/usr/lib/x86_64-linux-gnu:/usr/lib/jni:/lib:/usr/lib]
10-Oct-2020 11:21:00.825 INFO [main] org.apache.coyote.AbstractProtocol.init Initializing ProtocolHandler ["http-nio-8080"]
10-Oct-2020 11:21:00.862 INFO [main] org.apache.catalina.startup.Catalina.load Server initialization in [717] milliseconds
10-Oct-2020 11:21:00.905 INFO [main] org.apache.catalina.core.StandardService.startInternal Starting service [Catalina]
10-Oct-2020 11:21:00.905 INFO [main] org.apache.catalina.core.StandardEngine.startInternal Starting Servlet engine: [Apache Tomcat/9.0.37]
10-Oct-2020 11:21:00.937 INFO [main] org.apache.catalina.startup.HostConfig.deployWAR Deploying web application archive [/home/blue-satan/Documents/repos/web-dev-college-and-etc/tomcat9/webapps/gradlewebtest2-0.0.1.war]
10-Oct-2020 11:21:01.302 INFO [main] org.apache.catalina.startup.HostConfig.deployWAR Deployment of web application archive [/home/blue-satan/Documents/repos/web-dev-college-and-etc/tomcat9/webapps/gradlewebtest2-0.0.1.war] has finished in [364] ms
10-Oct-2020 11:21:01.303 INFO [main] org.apache.catalina.startup.HostConfig.deployWAR Deploying web application archive [/home/blue-satan/Documents/repos/web-dev-college-and-etc/tomcat9/webapps/swa.war]
10-Oct-2020 11:21:01.336 INFO [main] org.apache.catalina.startup.HostConfig.deployWAR Deployment of web application archive [/home/blue-satan/Documents/repos/web-dev-college-and-etc/tomcat9/webapps/swa.war] has finished in [33] ms
10-Oct-2020 11:21:01.337 INFO [main] org.apache.catalina.startup.HostConfig.deployDirectory Deploying web application directory [/home/blue-satan/Documents/repos/web-dev-college-and-etc/tomcat9/webapps/ROOT]
10-Oct-2020 11:21:01.359 INFO [main] org.apache.catalina.startup.HostConfig.deployDirectory Deployment of web application directory [/home/blue-satan/Documents/repos/web-dev-college-and-etc/tomcat9/webapps/ROOT] has finished in [22] ms
10-Oct-2020 11:21:01.359 INFO [main] org.apache.catalina.startup.HostConfig.deployDirectory Deploying web application directory [/home/blue-satan/Documents/repos/web-dev-college-and-etc/tomcat9/webapps/manager]
10-Oct-2020 11:21:01.399 INFO [main] org.apache.catalina.startup.HostConfig.deployDirectory Deployment of web application directory [/home/blue-satan/Documents/repos/web-dev-college-and-etc/tomcat9/webapps/manager] has finished in [40] ms
10-Oct-2020 11:21:01.399 INFO [main] org.apache.catalina.startup.HostConfig.deployDirectory Deploying web application directory [/home/blue-satan/Documents/repos/web-dev-college-and-etc/tomcat9/webapps/docs]
10-Oct-2020 11:21:01.420 INFO [main] org.apache.catalina.startup.HostConfig.deployDirectory Deployment of web application directory [/home/blue-satan/Documents/repos/web-dev-college-and-etc/tomcat9/webapps/docs] has finished in [21] ms
10-Oct-2020 11:21:01.420 INFO [main] org.apache.catalina.startup.HostConfig.deployDirectory Deploying web application directory [/home/blue-satan/Documents/repos/web-dev-college-and-etc/tomcat9/webapps/examples]
10-Oct-2020 11:21:01.698 INFO [main] org.apache.catalina.startup.HostConfig.deployDirectory Deployment of web application directory [/home/blue-satan/Documents/repos/web-dev-college-and-etc/tomcat9/webapps/examples] has finished in [278] ms
10-Oct-2020 11:21:01.699 INFO [main] org.apache.catalina.startup.HostConfig.deployDirectory Deploying web application directory [/home/blue-satan/Documents/repos/web-dev-college-and-etc/tomcat9/webapps/host-manager]
10-Oct-2020 11:21:01.722 INFO [main] org.apache.catalina.startup.HostConfig.deployDirectory Deployment of web application directory [/home/blue-satan/Documents/repos/web-dev-college-and-etc/tomcat9/webapps/host-manager] has finished in [24] ms
10-Oct-2020 11:21:01.728 INFO [main] org.apache.coyote.AbstractProtocol.start Starting ProtocolHandler ["http-nio-8080"]
10-Oct-2020 11:21:01.737 INFO [main] org.apache.catalina.startup.Catalina.start Server startup in [874] milliseconds
10-Oct-2020 11:21:37.274 INFO [main] org.apache.catalina.core.StandardServer.await A valid shutdown command was received via the shutdown port. Stopping the Server instance.
10-Oct-2020 11:21:37.275 INFO [main] org.apache.coyote.AbstractProtocol.pause Pausing ProtocolHandler ["http-nio-8080"]
10-Oct-2020 11:21:37.283 INFO [main] org.apache.catalina.core.StandardService.stopInternal Stopping service [Catalina]
10-Oct-2020 11:21:37.323 INFO [main] org.apache.coyote.AbstractProtocol.stop Stopping ProtocolHandler ["http-nio-8080"]
10-Oct-2020 11:21:37.325 INFO [main] org.apache.coyote.AbstractProtocol.destroy Destroying ProtocolHandler ["http-nio-8080"]
10-Oct-2020 11:29:04.812 INFO [main] org.apache.catalina.startup.VersionLoggerListener.log Server version name:   Apache Tomcat/9.0.37
10-Oct-2020 11:29:04.814 INFO [main] org.apache.catalina.startup.VersionLoggerListener.log Server built:          Jun 30 2020 20:09:49 UTC
10-Oct-2020 11:29:04.814 INFO [main] org.apache.catalina.startup.VersionLoggerListener.log Server version number: 9.0.37.0
10-Oct-2020 11:29:04.814 INFO [main] org.apache.catalina.startup.VersionLoggerListener.log OS Name:               Linux
10-Oct-2020 11:29:04.814 INFO [main] org.apache.catalina.startup.VersionLoggerListener.log OS Version:            4.19.0-5-amd64
10-Oct-2020 11:29:04.815 INFO [main] org.apache.catalina.startup.VersionLoggerListener.log Architecture:          amd64
10-Oct-2020 11:29:04.815 INFO [main] org.apache.catalina.startup.VersionLoggerListener.log Java Home:             /usr/lib/jvm/java-8-openjdk-amd64/jre
10-Oct-2020 11:29:04.815 INFO [main] org.apache.catalina.startup.VersionLoggerListener.log JVM Version:           1.8.0_265-8u265-b01-0+deb9u1-b01
10-Oct-2020 11:29:04.815 INFO [main] org.apache.catalina.startup.VersionLoggerListener.log JVM Vendor:            Oracle Corporation
10-Oct-2020 11:29:04.815 INFO [main] org.apache.catalina.startup.VersionLoggerListener.log CATALINA_BASE:         /home/blue-satan/Documents/repos/web-dev-college-and-etc/tomcat9
10-Oct-2020 11:29:04.815 INFO [main] org.apache.catalina.startup.VersionLoggerListener.log CATALINA_HOME:         /home/blue-satan/Documents/repos/web-dev-college-and-etc/tomcat9
10-Oct-2020 11:29:04.817 INFO [main] org.apache.catalina.startup.VersionLoggerListener.log Command line argument: -Djava.util.logging.config.file=/home/blue-satan/Documents/repos/web-dev-college-and-etc/tomcat9/conf/logging.properties
10-Oct-2020 11:29:04.817 INFO [main] org.apache.catalina.startup.VersionLoggerListener.log Command line argument: -Djava.util.logging.manager=org.apache.juli.ClassLoaderLogManager
10-Oct-2020 11:29:04.817 INFO [main] org.apache.catalina.startup.VersionLoggerListener.log Command line argument: -Djdk.tls.ephemeralDHKeySize=2048
10-Oct-2020 11:29:04.817 INFO [main] org.apache.catalina.startup.VersionLoggerListener.log Command line argument: -Djava.protocol.handler.pkgs=org.apache.catalina.webresources
10-Oct-2020 11:29:04.817 INFO [main] org.apache.catalina.startup.VersionLoggerListener.log Command line argument: -Dorg.apache.catalina.security.SecurityListener.UMASK=0027
10-Oct-2020 11:29:04.818 INFO [main] org.apache.catalina.startup.VersionLoggerListener.log Command line argument: -Dignore.endorsed.dirs=
10-Oct-2020 11:29:04.818 INFO [main] org.apache.catalina.startup.VersionLoggerListener.log Command line argument: -Dcatalina.base=/home/blue-satan/Documents/repos/web-dev-college-and-etc/tomcat9
10-Oct-2020 11:29:04.818 INFO [main] org.apache.catalina.startup.VersionLoggerListener.log Command line argument: -Dcatalina.home=/home/blue-satan/Documents/repos/web-dev-college-and-etc/tomcat9
10-Oct-2020 11:29:04.818 INFO [main] org.apache.catalina.startup.VersionLoggerListener.log Command line argument: -Djava.io.tmpdir=/home/blue-satan/Documents/repos/web-dev-college-and-etc/tomcat9/temp
10-Oct-2020 11:29:04.818 INFO [main] org.apache.catalina.core.AprLifecycleListener.lifecycleEvent The Apache Tomcat Native library which allows using OpenSSL was not found on the java.library.path: [/usr/java/packages/lib/amd64:/usr/lib/x86_64-linux-gnu/jni:/lib/x86_64-linux-gnu:/usr/lib/x86_64-linux-gnu:/usr/lib/jni:/lib:/usr/lib]
10-Oct-2020 11:29:05.204 INFO [main] org.apache.coyote.AbstractProtocol.init Initializing ProtocolHandler ["http-nio-8080"]
10-Oct-2020 11:29:05.241 INFO [main] org.apache.catalina.startup.Catalina.load Server initialization in [687] milliseconds
10-Oct-2020 11:29:05.281 INFO [main] org.apache.catalina.core.StandardService.startInternal Starting service [Catalina]
10-Oct-2020 11:29:05.282 INFO [main] org.apache.catalina.core.StandardEngine.startInternal Starting Servlet engine: [Apache Tomcat/9.0.37]
10-Oct-2020 11:29:05.310 INFO [main] org.apache.catalina.startup.HostConfig.deployWAR Deploying web application archive [/home/blue-satan/Documents/repos/web-dev-college-and-etc/tomcat9/webapps/gwt.war]
10-Oct-2020 11:29:05.685 INFO [main] org.apache.catalina.startup.HostConfig.deployWAR Deployment of web application archive [/home/blue-satan/Documents/repos/web-dev-college-and-etc/tomcat9/webapps/gwt.war] has finished in [374] ms
10-Oct-2020 11:29:05.686 INFO [main] org.apache.catalina.startup.HostConfig.deployDirectory Deploying web application directory [/home/blue-satan/Documents/repos/web-dev-college-and-etc/tomcat9/webapps/ROOT]
10-Oct-2020 11:29:05.712 INFO [main] org.apache.catalina.startup.HostConfig.deployDirectory Deployment of web application directory [/home/blue-satan/Documents/repos/web-dev-college-and-etc/tomcat9/webapps/ROOT] has finished in [26] ms
10-Oct-2020 11:29:05.713 INFO [main] org.apache.catalina.startup.HostConfig.deployDirectory Deploying web application directory [/home/blue-satan/Documents/repos/web-dev-college-and-etc/tomcat9/webapps/swa]
10-Oct-2020 11:29:05.744 INFO [main] org.apache.catalina.startup.HostConfig.deployDirectory Deployment of web application directory [/home/blue-satan/Documents/repos/web-dev-college-and-etc/tomcat9/webapps/swa] has finished in [31] ms
10-Oct-2020 11:29:05.745 INFO [main] org.apache.catalina.startup.HostConfig.deployDirectory Deploying web application directory [/home/blue-satan/Documents/repos/web-dev-college-and-etc/tomcat9/webapps/manager]
10-Oct-2020 11:29:05.785 INFO [main] org.apache.catalina.startup.HostConfig.deployDirectory Deployment of web application directory [/home/blue-satan/Documents/repos/web-dev-college-and-etc/tomcat9/webapps/manager] has finished in [40] ms
10-Oct-2020 11:29:05.785 INFO [main] org.apache.catalina.startup.HostConfig.deployDirectory Deploying web application directory [/home/blue-satan/Documents/repos/web-dev-college-and-etc/tomcat9/webapps/docs]
10-Oct-2020 11:29:05.806 INFO [main] org.apache.catalina.startup.HostConfig.deployDirectory Deployment of web application directory [/home/blue-satan/Documents/repos/web-dev-college-and-etc/tomcat9/webapps/docs] has finished in [21] ms
10-Oct-2020 11:29:05.807 INFO [main] org.apache.catalina.startup.HostConfig.deployDirectory Deploying web application directory [/home/blue-satan/Documents/repos/web-dev-college-and-etc/tomcat9/webapps/examples]
10-Oct-2020 11:29:06.099 INFO [main] org.apache.catalina.startup.HostConfig.deployDirectory Deployment of web application directory [/home/blue-satan/Documents/repos/web-dev-college-and-etc/tomcat9/webapps/examples] has finished in [293] ms
10-Oct-2020 11:29:06.100 INFO [main] org.apache.catalina.startup.HostConfig.deployDirectory Deploying web application directory [/home/blue-satan/Documents/repos/web-dev-college-and-etc/tomcat9/webapps/host-manager]
10-Oct-2020 11:29:06.125 INFO [main] org.apache.catalina.startup.HostConfig.deployDirectory Deployment of web application directory [/home/blue-satan/Documents/repos/web-dev-college-and-etc/tomcat9/webapps/host-manager] has finished in [25] ms
10-Oct-2020 11:29:06.125 INFO [main] org.apache.catalina.startup.HostConfig.deployDirectory Deploying web application directory [/home/blue-satan/Documents/repos/web-dev-college-and-etc/tomcat9/webapps/gradlewebtest2-0.0.1]
10-Oct-2020 11:29:06.151 INFO [main] org.apache.catalina.startup.HostConfig.deployDirectory Deployment of web application directory [/home/blue-satan/Documents/repos/web-dev-college-and-etc/tomcat9/webapps/gradlewebtest2-0.0.1] has finished in [26] ms
10-Oct-2020 11:29:06.156 INFO [main] org.apache.coyote.AbstractProtocol.start Starting ProtocolHandler ["http-nio-8080"]
10-Oct-2020 11:29:06.177 INFO [main] org.apache.catalina.startup.Catalina.start Server startup in [935] milliseconds
10-Oct-2020 11:30:09.914 INFO [main] org.apache.catalina.core.StandardServer.await A valid shutdown command was received via the shutdown port. Stopping the Server instance.
10-Oct-2020 11:30:09.914 INFO [main] org.apache.coyote.AbstractProtocol.pause Pausing ProtocolHandler ["http-nio-8080"]
10-Oct-2020 11:30:09.923 INFO [main] org.apache.catalina.core.StandardService.stopInternal Stopping service [Catalina]
10-Oct-2020 11:30:09.965 INFO [main] org.apache.coyote.AbstractProtocol.stop Stopping ProtocolHandler ["http-nio-8080"]
10-Oct-2020 11:30:09.967 INFO [main] org.apache.coyote.AbstractProtocol.destroy Destroying ProtocolHandler ["http-nio-8080"]
10-Oct-2020 15:11:34.405 INFO [main] org.apache.catalina.startup.VersionLoggerListener.log Server version name:   Apache Tomcat/9.0.37
10-Oct-2020 15:11:34.424 INFO [main] org.apache.catalina.startup.VersionLoggerListener.log Server built:          Jun 30 2020 20:09:49 UTC
10-Oct-2020 15:11:34.424 INFO [main] org.apache.catalina.startup.VersionLoggerListener.log Server version number: 9.0.37.0
10-Oct-2020 15:11:34.424 INFO [main] org.apache.catalina.startup.VersionLoggerListener.log OS Name:               Linux
10-Oct-2020 15:11:34.425 INFO [main] org.apache.catalina.startup.VersionLoggerListener.log OS Version:            4.19.0-5-amd64
10-Oct-2020 15:11:34.425 INFO [main] org.apache.catalina.startup.VersionLoggerListener.log Architecture:          amd64
10-Oct-2020 15:11:34.425 INFO [main] org.apache.catalina.startup.VersionLoggerListener.log Java Home:             /usr/lib/jvm/java-8-openjdk-amd64/jre
10-Oct-2020 15:11:34.425 INFO [main] org.apache.catalina.startup.VersionLoggerListener.log JVM Version:           1.8.0_265-8u265-b01-0+deb9u1-b01
10-Oct-2020 15:11:34.425 INFO [main] org.apache.catalina.startup.VersionLoggerListener.log JVM Vendor:            Oracle Corporation
10-Oct-2020 15:11:34.425 INFO [main] org.apache.catalina.startup.VersionLoggerListener.log CATALINA_BASE:         /home/blue-satan/Documents/repos/web-dev-college-and-etc/tomcat9
10-Oct-2020 15:11:34.425 INFO [main] org.apache.catalina.startup.VersionLoggerListener.log CATALINA_HOME:         /home/blue-satan/Documents/repos/web-dev-college-and-etc/tomcat9
10-Oct-2020 15:11:34.426 INFO [main] org.apache.catalina.startup.VersionLoggerListener.log Command line argument: -Djava.util.logging.config.file=/home/blue-satan/Documents/repos/web-dev-college-and-etc/tomcat9/conf/logging.properties
10-Oct-2020 15:11:34.426 INFO [main] org.apache.catalina.startup.VersionLoggerListener.log Command line argument: -Djava.util.logging.manager=org.apache.juli.ClassLoaderLogManager
10-Oct-2020 15:11:34.426 INFO [main] org.apache.catalina.startup.VersionLoggerListener.log Command line argument: -Djdk.tls.ephemeralDHKeySize=2048
10-Oct-2020 15:11:34.426 INFO [main] org.apache.catalina.startup.VersionLoggerListener.log Command line argument: -Djava.protocol.handler.pkgs=org.apache.catalina.webresources
10-Oct-2020 15:11:34.426 INFO [main] org.apache.catalina.startup.VersionLoggerListener.log Command line argument: -Dorg.apache.catalina.security.SecurityListener.UMASK=0027
10-Oct-2020 15:11:34.426 INFO [main] org.apache.catalina.startup.VersionLoggerListener.log Command line argument: -Dignore.endorsed.dirs=
10-Oct-2020 15:11:34.426 INFO [main] org.apache.catalina.startup.VersionLoggerListener.log Command line argument: -Dcatalina.base=/home/blue-satan/Documents/repos/web-dev-college-and-etc/tomcat9
10-Oct-2020 15:11:34.426 INFO [main] org.apache.catalina.startup.VersionLoggerListener.log Command line argument: -Dcatalina.home=/home/blue-satan/Documents/repos/web-dev-college-and-etc/tomcat9
10-Oct-2020 15:11:34.426 INFO [main] org.apache.catalina.startup.VersionLoggerListener.log Command line argument: -Djava.io.tmpdir=/home/blue-satan/Documents/repos/web-dev-college-and-etc/tomcat9/temp
10-Oct-2020 15:11:34.426 INFO [main] org.apache.catalina.core.AprLifecycleListener.lifecycleEvent The Apache Tomcat Native library which allows using OpenSSL was not found on the java.library.path: [/usr/java/packages/lib/amd64:/usr/lib/x86_64-linux-gnu/jni:/lib/x86_64-linux-gnu:/usr/lib/x86_64-linux-gnu:/usr/lib/jni:/lib:/usr/lib]
10-Oct-2020 15:11:35.187 INFO [main] org.apache.coyote.AbstractProtocol.init Initializing ProtocolHandler ["http-nio-8080"]
10-Oct-2020 15:11:35.279 INFO [main] org.apache.catalina.startup.Catalina.load Server initialization in [1721] milliseconds
10-Oct-2020 15:11:35.390 INFO [main] org.apache.catalina.core.StandardService.startInternal Starting service [Catalina]
10-Oct-2020 15:11:35.390 INFO [main] org.apache.catalina.core.StandardEngine.startInternal Starting Servlet engine: [Apache Tomcat/9.0.37]
10-Oct-2020 15:11:35.518 INFO [main] org.apache.catalina.startup.HostConfig.deployWAR Deploying web application archive [/home/blue-satan/Documents/repos/web-dev-college-and-etc/tomcat9/webapps/gwt.war]
10-Oct-2020 15:11:35.627 INFO [main] org.apache.catalina.startup.ExpandWar.expand An expanded directory [/home/blue-satan/Documents/repos/web-dev-college-and-etc/tomcat9/webapps/gwt] was found with a last modified time that did not match the associated WAR. It will be deleted.
10-Oct-2020 15:11:36.559 INFO [main] org.apache.catalina.startup.HostConfig.deployWAR Deployment of web application archive [/home/blue-satan/Documents/repos/web-dev-college-and-etc/tomcat9/webapps/gwt.war] has finished in [1,039] ms
10-Oct-2020 15:11:36.560 INFO [main] org.apache.catalina.startup.HostConfig.deployDirectory Deploying web application directory [/home/blue-satan/Documents/repos/web-dev-college-and-etc/tomcat9/webapps/ROOT]
10-Oct-2020 15:11:36.602 INFO [main] org.apache.catalina.startup.HostConfig.deployDirectory Deployment of web application directory [/home/blue-satan/Documents/repos/web-dev-college-and-etc/tomcat9/webapps/ROOT] has finished in [42] ms
10-Oct-2020 15:11:36.603 INFO [main] org.apache.catalina.startup.HostConfig.deployDirectory Deploying web application directory [/home/blue-satan/Documents/repos/web-dev-college-and-etc/tomcat9/webapps/swa]
10-Oct-2020 15:11:36.660 INFO [main] org.apache.catalina.startup.HostConfig.deployDirectory Deployment of web application directory [/home/blue-satan/Documents/repos/web-dev-college-and-etc/tomcat9/webapps/swa] has finished in [57] ms
10-Oct-2020 15:11:36.661 INFO [main] org.apache.catalina.startup.HostConfig.deployDirectory Deploying web application directory [/home/blue-satan/Documents/repos/web-dev-college-and-etc/tomcat9/webapps/manager]
10-Oct-2020 15:11:36.718 INFO [main] org.apache.catalina.startup.HostConfig.deployDirectory Deployment of web application directory [/home/blue-satan/Documents/repos/web-dev-college-and-etc/tomcat9/webapps/manager] has finished in [57] ms
10-Oct-2020 15:11:36.722 INFO [main] org.apache.catalina.startup.HostConfig.deployDirectory Deploying web application directory [/home/blue-satan/Documents/repos/web-dev-college-and-etc/tomcat9/webapps/docs]
10-Oct-2020 15:11:36.742 INFO [main] org.apache.catalina.startup.HostConfig.deployDirectory Deployment of web application directory [/home/blue-satan/Documents/repos/web-dev-college-and-etc/tomcat9/webapps/docs] has finished in [19] ms
10-Oct-2020 15:11:36.742 INFO [main] org.apache.catalina.startup.HostConfig.deployDirectory Deploying web application directory [/home/blue-satan/Documents/repos/web-dev-college-and-etc/tomcat9/webapps/examples]
10-Oct-2020 15:11:37.207 INFO [main] org.apache.catalina.startup.HostConfig.deployDirectory Deployment of web application directory [/home/blue-satan/Documents/repos/web-dev-college-and-etc/tomcat9/webapps/examples] has finished in [465] ms
10-Oct-2020 15:11:37.208 INFO [main] org.apache.catalina.startup.HostConfig.deployDirectory Deploying web application directory [/home/blue-satan/Documents/repos/web-dev-college-and-etc/tomcat9/webapps/host-manager]
10-Oct-2020 15:11:37.266 INFO [main] org.apache.catalina.startup.HostConfig.deployDirectory Deployment of web application directory [/home/blue-satan/Documents/repos/web-dev-college-and-etc/tomcat9/webapps/host-manager] has finished in [59] ms
10-Oct-2020 15:11:37.266 INFO [main] org.apache.catalina.startup.HostConfig.deployDirectory Deploying web application directory [/home/blue-satan/Documents/repos/web-dev-college-and-etc/tomcat9/webapps/gradlewebtest2-0.0.1]
10-Oct-2020 15:11:37.316 INFO [main] org.apache.catalina.startup.HostConfig.deployDirectory Deployment of web application directory [/home/blue-satan/Documents/repos/web-dev-college-and-etc/tomcat9/webapps/gradlewebtest2-0.0.1] has finished in [50] ms
10-Oct-2020 15:11:37.325 INFO [main] org.apache.coyote.AbstractProtocol.start Starting ProtocolHandler ["http-nio-8080"]
10-Oct-2020 15:11:37.341 INFO [main] org.apache.catalina.startup.Catalina.start Server startup in [2062] milliseconds
10-Oct-2020 15:12:13.977 INFO [main] org.apache.catalina.core.StandardServer.await A valid shutdown command was received via the shutdown port. Stopping the Server instance.
10-Oct-2020 15:12:13.978 INFO [main] org.apache.coyote.AbstractProtocol.pause Pausing ProtocolHandler ["http-nio-8080"]
10-Oct-2020 15:12:13.987 INFO [main] org.apache.catalina.core.StandardService.stopInternal Stopping service [Catalina]
10-Oct-2020 15:12:14.090 INFO [main] org.apache.coyote.AbstractProtocol.stop Stopping ProtocolHandler ["http-nio-8080"]
10-Oct-2020 15:12:14.097 INFO [main] org.apache.coyote.AbstractProtocol.destroy Destroying ProtocolHandler ["http-nio-8080"]
10-Oct-2020 15:12:40.243 INFO [main] org.apache.catalina.startup.VersionLoggerListener.log Server version name:   Apache Tomcat/9.0.37
10-Oct-2020 15:12:40.245 INFO [main] org.apache.catalina.startup.VersionLoggerListener.log Server built:          Jun 30 2020 20:09:49 UTC
10-Oct-2020 15:12:40.245 INFO [main] org.apache.catalina.startup.VersionLoggerListener.log Server version number: 9.0.37.0
10-Oct-2020 15:12:40.246 INFO [main] org.apache.catalina.startup.VersionLoggerListener.log OS Name:               Linux
10-Oct-2020 15:12:40.246 INFO [main] org.apache.catalina.startup.VersionLoggerListener.log OS Version:            4.19.0-5-amd64
10-Oct-2020 15:12:40.246 INFO [main] org.apache.catalina.startup.VersionLoggerListener.log Architecture:          amd64
10-Oct-2020 15:12:40.246 INFO [main] org.apache.catalina.startup.VersionLoggerListener.log Java Home:             /usr/lib/jvm/java-8-openjdk-amd64/jre
10-Oct-2020 15:12:40.247 INFO [main] org.apache.catalina.startup.VersionLoggerListener.log JVM Version:           1.8.0_265-8u265-b01-0+deb9u1-b01
10-Oct-2020 15:12:40.247 INFO [main] org.apache.catalina.startup.VersionLoggerListener.log JVM Vendor:            Oracle Corporation
10-Oct-2020 15:12:40.247 INFO [main] org.apache.catalina.startup.VersionLoggerListener.log CATALINA_BASE:         /home/blue-satan/Documents/repos/web-dev-college-and-etc/tomcat9
10-Oct-2020 15:12:40.247 INFO [main] org.apache.catalina.startup.VersionLoggerListener.log CATALINA_HOME:         /home/blue-satan/Documents/repos/web-dev-college-and-etc/tomcat9
10-Oct-2020 15:12:40.248 INFO [main] org.apache.catalina.startup.VersionLoggerListener.log Command line argument: -Djava.util.logging.config.file=/home/blue-satan/Documents/repos/web-dev-college-and-etc/tomcat9/conf/logging.properties
10-Oct-2020 15:12:40.248 INFO [main] org.apache.catalina.startup.VersionLoggerListener.log Command line argument: -Djava.util.logging.manager=org.apache.juli.ClassLoaderLogManager
10-Oct-2020 15:12:40.249 INFO [main] org.apache.catalina.startup.VersionLoggerListener.log Command line argument: -Djdk.tls.ephemeralDHKeySize=2048
10-Oct-2020 15:12:40.249 INFO [main] org.apache.catalina.startup.VersionLoggerListener.log Command line argument: -Djava.protocol.handler.pkgs=org.apache.catalina.webresources
10-Oct-2020 15:12:40.249 INFO [main] org.apache.catalina.startup.VersionLoggerListener.log Command line argument: -Dorg.apache.catalina.security.SecurityListener.UMASK=0027
10-Oct-2020 15:12:40.249 INFO [main] org.apache.catalina.startup.VersionLoggerListener.log Command line argument: -Dignore.endorsed.dirs=
10-Oct-2020 15:12:40.249 INFO [main] org.apache.catalina.startup.VersionLoggerListener.log Command line argument: -Dcatalina.base=/home/blue-satan/Documents/repos/web-dev-college-and-etc/tomcat9
10-Oct-2020 15:12:40.249 INFO [main] org.apache.catalina.startup.VersionLoggerListener.log Command line argument: -Dcatalina.home=/home/blue-satan/Documents/repos/web-dev-college-and-etc/tomcat9
10-Oct-2020 15:12:40.250 INFO [main] org.apache.catalina.startup.VersionLoggerListener.log Command line argument: -Djava.io.tmpdir=/home/blue-satan/Documents/repos/web-dev-college-and-etc/tomcat9/temp
10-Oct-2020 15:12:40.250 INFO [main] org.apache.catalina.core.AprLifecycleListener.lifecycleEvent The Apache Tomcat Native library which allows using OpenSSL was not found on the java.library.path: [/usr/java/packages/lib/amd64:/usr/lib/x86_64-linux-gnu/jni:/lib/x86_64-linux-gnu:/usr/lib/x86_64-linux-gnu:/usr/lib/jni:/lib:/usr/lib]
10-Oct-2020 15:12:40.716 INFO [main] org.apache.coyote.AbstractProtocol.init Initializing ProtocolHandler ["http-nio-8080"]
10-Oct-2020 15:12:40.758 INFO [main] org.apache.catalina.startup.Catalina.load Server initialization in [802] milliseconds
10-Oct-2020 15:12:40.807 INFO [main] org.apache.catalina.core.StandardService.startInternal Starting service [Catalina]
10-Oct-2020 15:12:40.808 INFO [main] org.apache.catalina.core.StandardEngine.startInternal Starting Servlet engine: [Apache Tomcat/9.0.37]
10-Oct-2020 15:12:40.859 INFO [main] org.apache.catalina.startup.HostConfig.deployWAR Deploying web application archive [/home/blue-satan/Documents/repos/web-dev-college-and-etc/tomcat9/webapps/gwt.war]
10-Oct-2020 15:12:40.884 INFO [main] org.apache.catalina.startup.ExpandWar.expand An expanded directory [/home/blue-satan/Documents/repos/web-dev-college-and-etc/tomcat9/webapps/gwt] was found with a last modified time that did not match the associated WAR. It will be deleted.
10-Oct-2020 15:12:41.459 INFO [main] org.apache.catalina.startup.HostConfig.deployWAR Deployment of web application archive [/home/blue-satan/Documents/repos/web-dev-college-and-etc/tomcat9/webapps/gwt.war] has finished in [600] ms
10-Oct-2020 15:12:41.460 INFO [main] org.apache.catalina.startup.HostConfig.deployDirectory Deploying web application directory [/home/blue-satan/Documents/repos/web-dev-college-and-etc/tomcat9/webapps/ROOT]
10-Oct-2020 15:12:41.527 INFO [main] org.apache.catalina.startup.HostConfig.deployDirectory Deployment of web application directory [/home/blue-satan/Documents/repos/web-dev-college-and-etc/tomcat9/webapps/ROOT] has finished in [67] ms
10-Oct-2020 15:12:41.528 INFO [main] org.apache.catalina.startup.HostConfig.deployDirectory Deploying web application directory [/home/blue-satan/Documents/repos/web-dev-college-and-etc/tomcat9/webapps/swa]
10-Oct-2020 15:12:41.640 INFO [main] org.apache.catalina.startup.HostConfig.deployDirectory Deployment of web application directory [/home/blue-satan/Documents/repos/web-dev-college-and-etc/tomcat9/webapps/swa] has finished in [112] ms
10-Oct-2020 15:12:41.643 INFO [main] org.apache.catalina.startup.HostConfig.deployDirectory Deploying web application directory [/home/blue-satan/Documents/repos/web-dev-college-and-etc/tomcat9/webapps/manager]
10-Oct-2020 15:12:41.793 INFO [main] org.apache.catalina.startup.HostConfig.deployDirectory Deployment of web application directory [/home/blue-satan/Documents/repos/web-dev-college-and-etc/tomcat9/webapps/manager] has finished in [149] ms
10-Oct-2020 15:12:41.793 INFO [main] org.apache.catalina.startup.HostConfig.deployDirectory Deploying web application directory [/home/blue-satan/Documents/repos/web-dev-college-and-etc/tomcat9/webapps/docs]
10-Oct-2020 15:12:41.839 INFO [main] org.apache.catalina.startup.HostConfig.deployDirectory Deployment of web application directory [/home/blue-satan/Documents/repos/web-dev-college-and-etc/tomcat9/webapps/docs] has finished in [46] ms
10-Oct-2020 15:12:41.839 INFO [main] org.apache.catalina.startup.HostConfig.deployDirectory Deploying web application directory [/home/blue-satan/Documents/repos/web-dev-college-and-etc/tomcat9/webapps/examples]
10-Oct-2020 15:12:42.573 INFO [main] org.apache.catalina.startup.HostConfig.deployDirectory Deployment of web application directory [/home/blue-satan/Documents/repos/web-dev-college-and-etc/tomcat9/webapps/examples] has finished in [733] ms
10-Oct-2020 15:12:42.573 INFO [main] org.apache.catalina.startup.HostConfig.deployDirectory Deploying web application directory [/home/blue-satan/Documents/repos/web-dev-college-and-etc/tomcat9/webapps/host-manager]
10-Oct-2020 15:12:42.626 INFO [main] org.apache.catalina.startup.HostConfig.deployDirectory Deployment of web application directory [/home/blue-satan/Documents/repos/web-dev-college-and-etc/tomcat9/webapps/host-manager] has finished in [53] ms
10-Oct-2020 15:12:42.627 INFO [main] org.apache.catalina.startup.HostConfig.deployDirectory Deploying web application directory [/home/blue-satan/Documents/repos/web-dev-college-and-etc/tomcat9/webapps/gradlewebtest2-0.0.1]
10-Oct-2020 15:12:42.703 INFO [main] org.apache.catalina.startup.HostConfig.deployDirectory Deployment of web application directory [/home/blue-satan/Documents/repos/web-dev-college-and-etc/tomcat9/webapps/gradlewebtest2-0.0.1] has finished in [76] ms
10-Oct-2020 15:12:42.718 INFO [main] org.apache.coyote.AbstractProtocol.start Starting ProtocolHandler ["http-nio-8080"]
10-Oct-2020 15:12:42.766 INFO [main] org.apache.catalina.startup.Catalina.start Server startup in [2007] milliseconds
10-Oct-2020 15:13:32.279 INFO [main] org.apache.catalina.core.StandardServer.await A valid shutdown command was received via the shutdown port. Stopping the Server instance.
10-Oct-2020 15:13:32.279 INFO [main] org.apache.coyote.AbstractProtocol.pause Pausing ProtocolHandler ["http-nio-8080"]
10-Oct-2020 15:13:32.287 INFO [main] org.apache.catalina.core.StandardService.stopInternal Stopping service [Catalina]
10-Oct-2020 15:13:32.338 INFO [main] org.apache.coyote.AbstractProtocol.stop Stopping ProtocolHandler ["http-nio-8080"]
10-Oct-2020 15:13:32.339 INFO [main] org.apache.coyote.AbstractProtocol.destroy Destroying ProtocolHandler ["http-nio-8080"]
