10-Oct-2020 11:08:54.975 INFO [main] org.apache.catalina.core.ApplicationContext.log ContextListener: contextInitialized()
10-Oct-2020 11:08:54.976 INFO [main] org.apache.catalina.core.ApplicationContext.log SessionListener: contextInitialized()
10-Oct-2020 11:08:54.977 INFO [main] org.apache.catalina.core.ApplicationContext.log ContextListener: attributeAdded('StockTicker', 'async.Stockticker@2e55dd0c')
10-Oct-2020 11:12:15.323 INFO [main] org.apache.catalina.core.ApplicationContext.log SessionListener: contextDestroyed()
10-Oct-2020 11:12:15.323 INFO [main] org.apache.catalina.core.ApplicationContext.log ContextListener: contextDestroyed()
10-Oct-2020 11:21:01.690 INFO [main] org.apache.catalina.core.ApplicationContext.log ContextListener: contextInitialized()
10-Oct-2020 11:21:01.690 INFO [main] org.apache.catalina.core.ApplicationContext.log SessionListener: contextInitialized()
10-Oct-2020 11:21:01.692 INFO [main] org.apache.catalina.core.ApplicationContext.log ContextListener: attributeAdded('StockTicker', 'async.Stockticker@770d3326')
10-Oct-2020 11:21:37.301 INFO [main] org.apache.catalina.core.ApplicationContext.log SessionListener: contextDestroyed()
10-Oct-2020 11:21:37.301 INFO [main] org.apache.catalina.core.ApplicationContext.log ContextListener: contextDestroyed()
10-Oct-2020 11:29:06.089 INFO [main] org.apache.catalina.core.ApplicationContext.log ContextListener: contextInitialized()
10-Oct-2020 11:29:06.090 INFO [main] org.apache.catalina.core.ApplicationContext.log SessionListener: contextInitialized()
10-Oct-2020 11:29:06.092 INFO [main] org.apache.catalina.core.ApplicationContext.log ContextListener: attributeAdded('StockTicker', 'async.Stockticker@26275bef')
10-Oct-2020 11:30:09.939 INFO [main] org.apache.catalina.core.ApplicationContext.log SessionListener: contextDestroyed()
10-Oct-2020 11:30:09.939 INFO [main] org.apache.catalina.core.ApplicationContext.log ContextListener: contextDestroyed()
10-Oct-2020 15:11:37.200 INFO [main] org.apache.catalina.core.ApplicationContext.log ContextListener: contextInitialized()
10-Oct-2020 15:11:37.201 INFO [main] org.apache.catalina.core.ApplicationContext.log SessionListener: contextInitialized()
10-Oct-2020 15:11:37.202 INFO [main] org.apache.catalina.core.ApplicationContext.log ContextListener: attributeAdded('StockTicker', 'async.Stockticker@10959ece')
10-Oct-2020 15:12:14.065 INFO [main] org.apache.catalina.core.ApplicationContext.log SessionListener: contextDestroyed()
10-Oct-2020 15:12:14.065 INFO [main] org.apache.catalina.core.ApplicationContext.log ContextListener: contextDestroyed()
10-Oct-2020 15:12:42.553 INFO [main] org.apache.catalina.core.ApplicationContext.log ContextListener: contextInitialized()
10-Oct-2020 15:12:42.554 INFO [main] org.apache.catalina.core.ApplicationContext.log SessionListener: contextInitialized()
10-Oct-2020 15:12:42.562 INFO [main] org.apache.catalina.core.ApplicationContext.log ContextListener: attributeAdded('StockTicker', 'async.Stockticker@10959ece')
10-Oct-2020 15:13:32.320 INFO [main] org.apache.catalina.core.ApplicationContext.log SessionListener: contextDestroyed()
10-Oct-2020 15:13:32.320 INFO [main] org.apache.catalina.core.ApplicationContext.log ContextListener: contextDestroyed()
