20-Aug-2020 21:02:38.708 INFO [main] org.apache.catalina.core.ApplicationContext.log ContextListener: contextInitialized()
20-Aug-2020 21:02:38.708 INFO [main] org.apache.catalina.core.ApplicationContext.log SessionListener: contextInitialized()
20-Aug-2020 21:02:38.711 INFO [main] org.apache.catalina.core.ApplicationContext.log ContextListener: attributeAdded('StockTicker', 'async.Stockticker@3aaf4f07')
20-Aug-2020 21:03:43.984 SEVERE [http-nio-8080-exec-8] org.apache.catalina.core.StandardWrapperValve.invoke Servlet.service() for servlet [jsp] in context with path [/swa] threw exception [Unable to compile class for JSP: 

An error occurred at line: [10] in the jsp file: [/trial.jsp]
Greeter cannot be resolved to a type
7: </head>
8: <body>
9:     
10:     <!-- <jsp:useBean id="now" class="Greeter" />
11: 
12:     <%= now %> -->
13: 


An error occurred at line: [10] in the jsp file: [/trial.jsp]
Greeter cannot be resolved to a type
7: </head>
8: <body>
9:     
10:     <!-- <jsp:useBean id="now" class="Greeter" />
11: 
12:     <%= now %> -->
13: 


An error occurred at line: [10] in the jsp file: [/trial.jsp]
Greeter cannot be resolved to a type
7: </head>
8: <body>
9:     
10:     <!-- <jsp:useBean id="now" class="Greeter" />
11: 
12:     <%= now %> -->
13: 


Stacktrace:] with root cause
	org.apache.jasper.JasperException: Unable to compile class for JSP: 

An error occurred at line: [10] in the jsp file: [/trial.jsp]
Greeter cannot be resolved to a type
7: </head>
8: <body>
9:     
10:     <!-- <jsp:useBean id="now" class="Greeter" />
11: 
12:     <%= now %> -->
13: 


An error occurred at line: [10] in the jsp file: [/trial.jsp]
Greeter cannot be resolved to a type
7: </head>
8: <body>
9:     
10:     <!-- <jsp:useBean id="now" class="Greeter" />
11: 
12:     <%= now %> -->
13: 


An error occurred at line: [10] in the jsp file: [/trial.jsp]
Greeter cannot be resolved to a type
7: </head>
8: <body>
9:     
10:     <!-- <jsp:useBean id="now" class="Greeter" />
11: 
12:     <%= now %> -->
13: 


Stacktrace:
		at org.apache.jasper.compiler.DefaultErrorHandler.javacError(DefaultErrorHandler.java:103)
		at org.apache.jasper.compiler.ErrorDispatcher.javacError(ErrorDispatcher.java:213)
		at org.apache.jasper.compiler.JDTCompiler.generateClass(JDTCompiler.java:528)
		at org.apache.jasper.compiler.Compiler.compile(Compiler.java:392)
		at org.apache.jasper.compiler.Compiler.compile(Compiler.java:362)
		at org.apache.jasper.compiler.Compiler.compile(Compiler.java:346)
		at org.apache.jasper.JspCompilationContext.compile(JspCompilationContext.java:605)
		at org.apache.jasper.servlet.JspServletWrapper.service(JspServletWrapper.java:400)
		at org.apache.jasper.servlet.JspServlet.serviceJspFile(JspServlet.java:385)
		at org.apache.jasper.servlet.JspServlet.service(JspServlet.java:329)
		at javax.servlet.http.HttpServlet.service(HttpServlet.java:733)
		at org.apache.catalina.core.ApplicationFilterChain.internalDoFilter(ApplicationFilterChain.java:231)
		at org.apache.catalina.core.ApplicationFilterChain.doFilter(ApplicationFilterChain.java:166)
		at org.apache.tomcat.websocket.server.WsFilter.doFilter(WsFilter.java:53)
		at org.apache.catalina.core.ApplicationFilterChain.internalDoFilter(ApplicationFilterChain.java:193)
		at org.apache.catalina.core.ApplicationFilterChain.doFilter(ApplicationFilterChain.java:166)
		at org.apache.catalina.core.StandardWrapperValve.invoke(StandardWrapperValve.java:202)
		at org.apache.catalina.core.StandardContextValve.invoke(StandardContextValve.java:96)
		at org.apache.catalina.authenticator.AuthenticatorBase.invoke(AuthenticatorBase.java:541)
		at org.apache.catalina.core.StandardHostValve.invoke(StandardHostValve.java:139)
		at org.apache.catalina.valves.ErrorReportValve.invoke(ErrorReportValve.java:92)
		at org.apache.catalina.valves.AbstractAccessLogValve.invoke(AbstractAccessLogValve.java:690)
		at org.apache.catalina.core.StandardEngineValve.invoke(StandardEngineValve.java:74)
		at org.apache.catalina.connector.CoyoteAdapter.service(CoyoteAdapter.java:343)
		at org.apache.coyote.http11.Http11Processor.service(Http11Processor.java:373)
		at org.apache.coyote.AbstractProcessorLight.process(AbstractProcessorLight.java:65)
		at org.apache.coyote.AbstractProtocol$ConnectionHandler.process(AbstractProtocol.java:868)
		at org.apache.tomcat.util.net.NioEndpoint$SocketProcessor.doRun(NioEndpoint.java:1589)
		at org.apache.tomcat.util.net.SocketProcessorBase.run(SocketProcessorBase.java:49)
		at java.base/java.util.concurrent.ThreadPoolExecutor.runWorker(ThreadPoolExecutor.java:1128)
		at java.base/java.util.concurrent.ThreadPoolExecutor$Worker.run(ThreadPoolExecutor.java:628)
		at org.apache.tomcat.util.threads.TaskThread$WrappingRunnable.run(TaskThread.java:61)
		at java.base/java.lang.Thread.run(Thread.java:834)
20-Aug-2020 21:04:20.633 INFO [main] org.apache.catalina.core.ApplicationContext.log SessionListener: contextDestroyed()
20-Aug-2020 21:04:20.633 INFO [main] org.apache.catalina.core.ApplicationContext.log ContextListener: contextDestroyed()
20-Aug-2020 21:05:00.487 INFO [main] org.apache.catalina.core.ApplicationContext.log ContextListener: contextInitialized()
20-Aug-2020 21:05:00.487 INFO [main] org.apache.catalina.core.ApplicationContext.log SessionListener: contextInitialized()
20-Aug-2020 21:05:00.490 INFO [main] org.apache.catalina.core.ApplicationContext.log ContextListener: attributeAdded('StockTicker', 'async.Stockticker@1fc793c2')
20-Aug-2020 21:05:06.150 SEVERE [http-nio-8080-exec-1] org.apache.catalina.core.StandardWrapperValve.invoke Servlet.service() for servlet [jsp] in context with path [/swa] threw exception [Unable to compile class for JSP: 

An error occurred at line: [10] in the jsp file: [/trial.jsp]
Greeter cannot be resolved to a type
7: </head>
8: <body>
9:     
10:     <!-- <jsp:useBean id="now" class="Greeter" />
11: 
12:     <%= now %> -->
13: 


An error occurred at line: [10] in the jsp file: [/trial.jsp]
Greeter cannot be resolved to a type
7: </head>
8: <body>
9:     
10:     <!-- <jsp:useBean id="now" class="Greeter" />
11: 
12:     <%= now %> -->
13: 


An error occurred at line: [10] in the jsp file: [/trial.jsp]
Greeter cannot be resolved to a type
7: </head>
8: <body>
9:     
10:     <!-- <jsp:useBean id="now" class="Greeter" />
11: 
12:     <%= now %> -->
13: 


Stacktrace:] with root cause
	org.apache.jasper.JasperException: Unable to compile class for JSP: 

An error occurred at line: [10] in the jsp file: [/trial.jsp]
Greeter cannot be resolved to a type
7: </head>
8: <body>
9:     
10:     <!-- <jsp:useBean id="now" class="Greeter" />
11: 
12:     <%= now %> -->
13: 


An error occurred at line: [10] in the jsp file: [/trial.jsp]
Greeter cannot be resolved to a type
7: </head>
8: <body>
9:     
10:     <!-- <jsp:useBean id="now" class="Greeter" />
11: 
12:     <%= now %> -->
13: 


An error occurred at line: [10] in the jsp file: [/trial.jsp]
Greeter cannot be resolved to a type
7: </head>
8: <body>
9:     
10:     <!-- <jsp:useBean id="now" class="Greeter" />
11: 
12:     <%= now %> -->
13: 


Stacktrace:
		at org.apache.jasper.compiler.DefaultErrorHandler.javacError(DefaultErrorHandler.java:103)
		at org.apache.jasper.compiler.ErrorDispatcher.javacError(ErrorDispatcher.java:213)
		at org.apache.jasper.compiler.JDTCompiler.generateClass(JDTCompiler.java:528)
		at org.apache.jasper.compiler.Compiler.compile(Compiler.java:392)
		at org.apache.jasper.compiler.Compiler.compile(Compiler.java:362)
		at org.apache.jasper.compiler.Compiler.compile(Compiler.java:346)
		at org.apache.jasper.JspCompilationContext.compile(JspCompilationContext.java:605)
		at org.apache.jasper.servlet.JspServletWrapper.service(JspServletWrapper.java:400)
		at org.apache.jasper.servlet.JspServlet.serviceJspFile(JspServlet.java:385)
		at org.apache.jasper.servlet.JspServlet.service(JspServlet.java:329)
		at javax.servlet.http.HttpServlet.service(HttpServlet.java:733)
		at org.apache.catalina.core.ApplicationFilterChain.internalDoFilter(ApplicationFilterChain.java:231)
		at org.apache.catalina.core.ApplicationFilterChain.doFilter(ApplicationFilterChain.java:166)
		at org.apache.tomcat.websocket.server.WsFilter.doFilter(WsFilter.java:53)
		at org.apache.catalina.core.ApplicationFilterChain.internalDoFilter(ApplicationFilterChain.java:193)
		at org.apache.catalina.core.ApplicationFilterChain.doFilter(ApplicationFilterChain.java:166)
		at org.apache.catalina.core.StandardWrapperValve.invoke(StandardWrapperValve.java:202)
		at org.apache.catalina.core.StandardContextValve.invoke(StandardContextValve.java:96)
		at org.apache.catalina.authenticator.AuthenticatorBase.invoke(AuthenticatorBase.java:541)
		at org.apache.catalina.core.StandardHostValve.invoke(StandardHostValve.java:139)
		at org.apache.catalina.valves.ErrorReportValve.invoke(ErrorReportValve.java:92)
		at org.apache.catalina.valves.AbstractAccessLogValve.invoke(AbstractAccessLogValve.java:690)
		at org.apache.catalina.core.StandardEngineValve.invoke(StandardEngineValve.java:74)
		at org.apache.catalina.connector.CoyoteAdapter.service(CoyoteAdapter.java:343)
		at org.apache.coyote.http11.Http11Processor.service(Http11Processor.java:373)
		at org.apache.coyote.AbstractProcessorLight.process(AbstractProcessorLight.java:65)
		at org.apache.coyote.AbstractProtocol$ConnectionHandler.process(AbstractProtocol.java:868)
		at org.apache.tomcat.util.net.NioEndpoint$SocketProcessor.doRun(NioEndpoint.java:1589)
		at org.apache.tomcat.util.net.SocketProcessorBase.run(SocketProcessorBase.java:49)
		at java.base/java.util.concurrent.ThreadPoolExecutor.runWorker(ThreadPoolExecutor.java:1128)
		at java.base/java.util.concurrent.ThreadPoolExecutor$Worker.run(ThreadPoolExecutor.java:628)
		at org.apache.tomcat.util.threads.TaskThread$WrappingRunnable.run(TaskThread.java:61)
		at java.base/java.lang.Thread.run(Thread.java:834)
20-Aug-2020 21:05:24.029 INFO [main] org.apache.catalina.core.ApplicationContext.log SessionListener: contextDestroyed()
20-Aug-2020 21:05:24.029 INFO [main] org.apache.catalina.core.ApplicationContext.log ContextListener: contextDestroyed()
20-Aug-2020 21:05:38.471 INFO [main] org.apache.catalina.core.ApplicationContext.log ContextListener: contextInitialized()
20-Aug-2020 21:05:38.471 INFO [main] org.apache.catalina.core.ApplicationContext.log SessionListener: contextInitialized()
20-Aug-2020 21:05:38.473 INFO [main] org.apache.catalina.core.ApplicationContext.log ContextListener: attributeAdded('StockTicker', 'async.Stockticker@46cf05f7')
20-Aug-2020 21:20:22.857 INFO [main] org.apache.catalina.core.ApplicationContext.log SessionListener: contextDestroyed()
20-Aug-2020 21:20:22.857 INFO [main] org.apache.catalina.core.ApplicationContext.log ContextListener: contextDestroyed()
20-Aug-2020 21:20:33.656 INFO [main] org.apache.catalina.core.ApplicationContext.log ContextListener: contextInitialized()
20-Aug-2020 21:20:33.656 INFO [main] org.apache.catalina.core.ApplicationContext.log SessionListener: contextInitialized()
20-Aug-2020 21:20:33.660 INFO [main] org.apache.catalina.core.ApplicationContext.log ContextListener: attributeAdded('StockTicker', 'async.Stockticker@29d2d081')
20-Aug-2020 21:20:50.672 INFO [http-nio-8080-exec-3] org.apache.catalina.core.ApplicationContext.log Marking servlet [Greeter] as unavailable
20-Aug-2020 21:20:50.673 SEVERE [http-nio-8080-exec-3] org.apache.catalina.core.StandardWrapperValve.invoke Allocate exception for servlet [Greeter]
	java.lang.ClassNotFoundException: com.common.Greeter
		at org.apache.catalina.loader.WebappClassLoaderBase.loadClass(WebappClassLoaderBase.java:1365)
		at org.apache.catalina.loader.WebappClassLoaderBase.loadClass(WebappClassLoaderBase.java:1188)
		at org.apache.catalina.core.DefaultInstanceManager.loadClass(DefaultInstanceManager.java:539)
		at org.apache.catalina.core.DefaultInstanceManager.loadClassMaybePrivileged(DefaultInstanceManager.java:520)
		at org.apache.catalina.core.DefaultInstanceManager.newInstance(DefaultInstanceManager.java:150)
		at org.apache.catalina.core.StandardWrapper.loadServlet(StandardWrapper.java:1042)
		at org.apache.catalina.core.StandardWrapper.allocate(StandardWrapper.java:761)
		at org.apache.catalina.core.StandardWrapperValve.invoke(StandardWrapperValve.java:135)
		at org.apache.catalina.core.StandardContextValve.invoke(StandardContextValve.java:96)
		at org.apache.catalina.authenticator.AuthenticatorBase.invoke(AuthenticatorBase.java:541)
		at org.apache.catalina.core.StandardHostValve.invoke(StandardHostValve.java:139)
		at org.apache.catalina.valves.ErrorReportValve.invoke(ErrorReportValve.java:92)
		at org.apache.catalina.valves.AbstractAccessLogValve.invoke(AbstractAccessLogValve.java:690)
		at org.apache.catalina.core.StandardEngineValve.invoke(StandardEngineValve.java:74)
		at org.apache.catalina.connector.CoyoteAdapter.service(CoyoteAdapter.java:343)
		at org.apache.coyote.http11.Http11Processor.service(Http11Processor.java:373)
		at org.apache.coyote.AbstractProcessorLight.process(AbstractProcessorLight.java:65)
		at org.apache.coyote.AbstractProtocol$ConnectionHandler.process(AbstractProtocol.java:868)
		at org.apache.tomcat.util.net.NioEndpoint$SocketProcessor.doRun(NioEndpoint.java:1589)
		at org.apache.tomcat.util.net.SocketProcessorBase.run(SocketProcessorBase.java:49)
		at java.base/java.util.concurrent.ThreadPoolExecutor.runWorker(ThreadPoolExecutor.java:1128)
		at java.base/java.util.concurrent.ThreadPoolExecutor$Worker.run(ThreadPoolExecutor.java:628)
		at org.apache.tomcat.util.threads.TaskThread$WrappingRunnable.run(TaskThread.java:61)
		at java.base/java.lang.Thread.run(Thread.java:834)
20-Aug-2020 21:21:32.670 INFO [main] org.apache.catalina.core.ApplicationContext.log SessionListener: contextDestroyed()
20-Aug-2020 21:21:32.670 INFO [main] org.apache.catalina.core.ApplicationContext.log ContextListener: contextDestroyed()
