16-Aug-2020 22:53:09.737 INFO [main] org.apache.catalina.core.ApplicationContext.log ContextListener: contextInitialized()
16-Aug-2020 22:53:09.738 INFO [main] org.apache.catalina.core.ApplicationContext.log SessionListener: contextInitialized()
16-Aug-2020 22:53:09.741 INFO [main] org.apache.catalina.core.ApplicationContext.log ContextListener: attributeAdded('StockTicker', 'async.Stockticker@6e5bfdfc')
16-Aug-2020 22:54:05.727 INFO [main] org.apache.catalina.core.ApplicationContext.log SessionListener: contextDestroyed()
16-Aug-2020 22:54:05.727 INFO [main] org.apache.catalina.core.ApplicationContext.log ContextListener: contextDestroyed()
16-Aug-2020 22:54:58.960 INFO [main] org.apache.catalina.core.ApplicationContext.log ContextListener: contextInitialized()
16-Aug-2020 22:54:58.960 INFO [main] org.apache.catalina.core.ApplicationContext.log SessionListener: contextInitialized()
16-Aug-2020 22:54:58.961 INFO [main] org.apache.catalina.core.ApplicationContext.log ContextListener: attributeAdded('StockTicker', 'async.Stockticker@5aa360ea')
16-Aug-2020 22:57:19.402 INFO [main] org.apache.catalina.core.ApplicationContext.log SessionListener: contextDestroyed()
16-Aug-2020 22:57:19.402 INFO [main] org.apache.catalina.core.ApplicationContext.log ContextListener: contextDestroyed()
16-Aug-2020 22:57:32.751 INFO [main] org.apache.catalina.core.ApplicationContext.log ContextListener: contextInitialized()
16-Aug-2020 22:57:32.751 INFO [main] org.apache.catalina.core.ApplicationContext.log SessionListener: contextInitialized()
16-Aug-2020 22:57:32.752 INFO [main] org.apache.catalina.core.ApplicationContext.log ContextListener: attributeAdded('StockTicker', 'async.Stockticker@49ef32e0')
16-Aug-2020 22:59:23.153 INFO [main] org.apache.catalina.core.ApplicationContext.log SessionListener: contextDestroyed()
16-Aug-2020 22:59:23.153 INFO [main] org.apache.catalina.core.ApplicationContext.log ContextListener: contextDestroyed()
16-Aug-2020 23:01:33.705 INFO [main] org.apache.catalina.core.ApplicationContext.log ContextListener: contextInitialized()
16-Aug-2020 23:01:33.706 INFO [main] org.apache.catalina.core.ApplicationContext.log SessionListener: contextInitialized()
16-Aug-2020 23:01:33.708 INFO [main] org.apache.catalina.core.ApplicationContext.log ContextListener: attributeAdded('StockTicker', 'async.Stockticker@6bd51ed8')
16-Aug-2020 23:07:39.494 INFO [main] org.apache.catalina.core.ApplicationContext.log SessionListener: contextDestroyed()
16-Aug-2020 23:07:39.494 INFO [main] org.apache.catalina.core.ApplicationContext.log ContextListener: contextDestroyed()
16-Aug-2020 23:07:41.940 INFO [main] org.apache.catalina.core.ApplicationContext.log ContextListener: contextInitialized()
16-Aug-2020 23:07:41.942 INFO [main] org.apache.catalina.core.ApplicationContext.log SessionListener: contextInitialized()
16-Aug-2020 23:07:41.948 INFO [main] org.apache.catalina.core.ApplicationContext.log ContextListener: attributeAdded('StockTicker', 'async.Stockticker@4102b1b1')
16-Aug-2020 23:08:22.833 INFO [main] org.apache.catalina.core.ApplicationContext.log SessionListener: contextDestroyed()
16-Aug-2020 23:08:22.833 INFO [main] org.apache.catalina.core.ApplicationContext.log ContextListener: contextDestroyed()
16-Aug-2020 23:08:55.955 INFO [main] org.apache.catalina.core.ApplicationContext.log ContextListener: contextInitialized()
16-Aug-2020 23:08:55.955 INFO [main] org.apache.catalina.core.ApplicationContext.log SessionListener: contextInitialized()
16-Aug-2020 23:08:55.957 INFO [main] org.apache.catalina.core.ApplicationContext.log ContextListener: attributeAdded('StockTicker', 'async.Stockticker@6b739528')
16-Aug-2020 23:09:27.678 INFO [main] org.apache.catalina.core.ApplicationContext.log SessionListener: contextDestroyed()
16-Aug-2020 23:09:27.679 INFO [main] org.apache.catalina.core.ApplicationContext.log ContextListener: contextDestroyed()
16-Aug-2020 23:11:00.233 INFO [main] org.apache.catalina.core.ApplicationContext.log ContextListener: contextInitialized()
16-Aug-2020 23:11:00.233 INFO [main] org.apache.catalina.core.ApplicationContext.log SessionListener: contextInitialized()
16-Aug-2020 23:11:00.235 INFO [main] org.apache.catalina.core.ApplicationContext.log ContextListener: attributeAdded('StockTicker', 'async.Stockticker@51abf713')
16-Aug-2020 23:12:18.438 INFO [main] org.apache.catalina.core.ApplicationContext.log SessionListener: contextDestroyed()
16-Aug-2020 23:12:18.439 INFO [main] org.apache.catalina.core.ApplicationContext.log ContextListener: contextDestroyed()
16-Aug-2020 23:12:28.615 INFO [main] org.apache.catalina.core.ApplicationContext.log ContextListener: contextInitialized()
16-Aug-2020 23:12:28.615 INFO [main] org.apache.catalina.core.ApplicationContext.log SessionListener: contextInitialized()
16-Aug-2020 23:12:28.616 INFO [main] org.apache.catalina.core.ApplicationContext.log ContextListener: attributeAdded('StockTicker', 'async.Stockticker@3d829787')
16-Aug-2020 23:13:14.029 INFO [main] org.apache.catalina.core.ApplicationContext.log SessionListener: contextDestroyed()
16-Aug-2020 23:13:14.029 INFO [main] org.apache.catalina.core.ApplicationContext.log ContextListener: contextDestroyed()
16-Aug-2020 23:13:21.908 INFO [main] org.apache.catalina.core.ApplicationContext.log ContextListener: contextInitialized()
16-Aug-2020 23:13:21.909 INFO [main] org.apache.catalina.core.ApplicationContext.log SessionListener: contextInitialized()
16-Aug-2020 23:13:21.911 INFO [main] org.apache.catalina.core.ApplicationContext.log ContextListener: attributeAdded('StockTicker', 'async.Stockticker@79ab3a71')
16-Aug-2020 23:13:46.286 INFO [main] org.apache.catalina.core.ApplicationContext.log SessionListener: contextDestroyed()
16-Aug-2020 23:13:46.286 INFO [main] org.apache.catalina.core.ApplicationContext.log ContextListener: contextDestroyed()
16-Aug-2020 23:30:55.958 INFO [main] org.apache.catalina.core.ApplicationContext.log ContextListener: contextInitialized()
16-Aug-2020 23:30:55.958 INFO [main] org.apache.catalina.core.ApplicationContext.log SessionListener: contextInitialized()
16-Aug-2020 23:30:55.962 INFO [main] org.apache.catalina.core.ApplicationContext.log ContextListener: attributeAdded('StockTicker', 'async.Stockticker@6e5bfdfc')
16-Aug-2020 23:31:04.560 SEVERE [http-nio-8080-exec-2] org.apache.catalina.core.StandardWrapperValve.invoke Servlet.service() for servlet [jsp] in context with path [/swa] threw exception [/trial.jsp (line: [10], column: [4]) The value for the useBean class attribute [Greeter] is invalid.] with root cause
	org.apache.jasper.JasperException: /trial.jsp (line: [10], column: [4]) The value for the useBean class attribute [Greeter] is invalid.
		at org.apache.jasper.compiler.DefaultErrorHandler.jspError(DefaultErrorHandler.java:42)
		at org.apache.jasper.compiler.ErrorDispatcher.dispatch(ErrorDispatcher.java:292)
		at org.apache.jasper.compiler.ErrorDispatcher.jspError(ErrorDispatcher.java:115)
		at org.apache.jasper.compiler.Generator$GenerateVisitor.visit(Generator.java:1391)
		at org.apache.jasper.compiler.Node$UseBean.accept(Node.java:1186)
		at org.apache.jasper.compiler.Node$Nodes.visit(Node.java:2389)
		at org.apache.jasper.compiler.Node$Visitor.visitBody(Node.java:2441)
		at org.apache.jasper.compiler.Node$Visitor.visit(Node.java:2447)
		at org.apache.jasper.compiler.Node$Root.accept(Node.java:470)
		at org.apache.jasper.compiler.Node$Nodes.visit(Node.java:2389)
		at org.apache.jasper.compiler.Generator.generate(Generator.java:3673)
		at org.apache.jasper.compiler.Compiler.generateJava(Compiler.java:257)
		at org.apache.jasper.compiler.Compiler.compile(Compiler.java:386)
		at org.apache.jasper.compiler.Compiler.compile(Compiler.java:362)
		at org.apache.jasper.compiler.Compiler.compile(Compiler.java:346)
		at org.apache.jasper.JspCompilationContext.compile(JspCompilationContext.java:605)
		at org.apache.jasper.servlet.JspServletWrapper.service(JspServletWrapper.java:400)
		at org.apache.jasper.servlet.JspServlet.serviceJspFile(JspServlet.java:385)
		at org.apache.jasper.servlet.JspServlet.service(JspServlet.java:329)
		at javax.servlet.http.HttpServlet.service(HttpServlet.java:733)
		at org.apache.catalina.core.ApplicationFilterChain.internalDoFilter(ApplicationFilterChain.java:231)
		at org.apache.catalina.core.ApplicationFilterChain.doFilter(ApplicationFilterChain.java:166)
		at org.apache.tomcat.websocket.server.WsFilter.doFilter(WsFilter.java:53)
		at org.apache.catalina.core.ApplicationFilterChain.internalDoFilter(ApplicationFilterChain.java:193)
		at org.apache.catalina.core.ApplicationFilterChain.doFilter(ApplicationFilterChain.java:166)
		at org.apache.catalina.core.StandardWrapperValve.invoke(StandardWrapperValve.java:202)
		at org.apache.catalina.core.StandardContextValve.invoke(StandardContextValve.java:96)
		at org.apache.catalina.authenticator.AuthenticatorBase.invoke(AuthenticatorBase.java:541)
		at org.apache.catalina.core.StandardHostValve.invoke(StandardHostValve.java:139)
		at org.apache.catalina.valves.ErrorReportValve.invoke(ErrorReportValve.java:92)
		at org.apache.catalina.valves.AbstractAccessLogValve.invoke(AbstractAccessLogValve.java:690)
		at org.apache.catalina.core.StandardEngineValve.invoke(StandardEngineValve.java:74)
		at org.apache.catalina.connector.CoyoteAdapter.service(CoyoteAdapter.java:343)
		at org.apache.coyote.http11.Http11Processor.service(Http11Processor.java:373)
		at org.apache.coyote.AbstractProcessorLight.process(AbstractProcessorLight.java:65)
		at org.apache.coyote.AbstractProtocol$ConnectionHandler.process(AbstractProtocol.java:868)
		at org.apache.tomcat.util.net.NioEndpoint$SocketProcessor.doRun(NioEndpoint.java:1589)
		at org.apache.tomcat.util.net.SocketProcessorBase.run(SocketProcessorBase.java:49)
		at java.base/java.util.concurrent.ThreadPoolExecutor.runWorker(ThreadPoolExecutor.java:1128)
		at java.base/java.util.concurrent.ThreadPoolExecutor$Worker.run(ThreadPoolExecutor.java:628)
		at org.apache.tomcat.util.threads.TaskThread$WrappingRunnable.run(TaskThread.java:61)
		at java.base/java.lang.Thread.run(Thread.java:834)
16-Aug-2020 23:31:48.496 INFO [main] org.apache.catalina.core.ApplicationContext.log SessionListener: contextDestroyed()
16-Aug-2020 23:31:48.496 INFO [main] org.apache.catalina.core.ApplicationContext.log ContextListener: contextDestroyed()
16-Aug-2020 23:45:18.432 INFO [main] org.apache.catalina.core.ApplicationContext.log ContextListener: contextInitialized()
16-Aug-2020 23:45:18.432 INFO [main] org.apache.catalina.core.ApplicationContext.log SessionListener: contextInitialized()
16-Aug-2020 23:45:18.434 INFO [main] org.apache.catalina.core.ApplicationContext.log ContextListener: attributeAdded('StockTicker', 'async.Stockticker@6548bb7d')
16-Aug-2020 23:45:32.546 SEVERE [http-nio-8080-exec-5] org.apache.catalina.core.StandardWrapperValve.invoke Servlet.service() for servlet [jsp] in context with path [/swa] threw exception [Unable to compile class for JSP: 

An error occurred at line: [10] in the jsp file: [/trial.jsp]
Greeter cannot be resolved to a type
7: </head>
8: <body>
9:     
10:     <jsp:useBean id="now" class="Greeter" />
11: 
12:     <%= now %>
13: 


An error occurred at line: [10] in the jsp file: [/trial.jsp]
Greeter cannot be resolved to a type
7: </head>
8: <body>
9:     
10:     <jsp:useBean id="now" class="Greeter" />
11: 
12:     <%= now %>
13: 


An error occurred at line: [10] in the jsp file: [/trial.jsp]
Greeter cannot be resolved to a type
7: </head>
8: <body>
9:     
10:     <jsp:useBean id="now" class="Greeter" />
11: 
12:     <%= now %>
13: 


Stacktrace:] with root cause
	org.apache.jasper.JasperException: Unable to compile class for JSP: 

An error occurred at line: [10] in the jsp file: [/trial.jsp]
Greeter cannot be resolved to a type
7: </head>
8: <body>
9:     
10:     <jsp:useBean id="now" class="Greeter" />
11: 
12:     <%= now %>
13: 


An error occurred at line: [10] in the jsp file: [/trial.jsp]
Greeter cannot be resolved to a type
7: </head>
8: <body>
9:     
10:     <jsp:useBean id="now" class="Greeter" />
11: 
12:     <%= now %>
13: 


An error occurred at line: [10] in the jsp file: [/trial.jsp]
Greeter cannot be resolved to a type
7: </head>
8: <body>
9:     
10:     <jsp:useBean id="now" class="Greeter" />
11: 
12:     <%= now %>
13: 


Stacktrace:
		at org.apache.jasper.compiler.DefaultErrorHandler.javacError(DefaultErrorHandler.java:103)
		at org.apache.jasper.compiler.ErrorDispatcher.javacError(ErrorDispatcher.java:213)
		at org.apache.jasper.compiler.JDTCompiler.generateClass(JDTCompiler.java:528)
		at org.apache.jasper.compiler.Compiler.compile(Compiler.java:392)
		at org.apache.jasper.compiler.Compiler.compile(Compiler.java:362)
		at org.apache.jasper.compiler.Compiler.compile(Compiler.java:346)
		at org.apache.jasper.JspCompilationContext.compile(JspCompilationContext.java:605)
		at org.apache.jasper.servlet.JspServletWrapper.service(JspServletWrapper.java:400)
		at org.apache.jasper.servlet.JspServlet.serviceJspFile(JspServlet.java:385)
		at org.apache.jasper.servlet.JspServlet.service(JspServlet.java:329)
		at javax.servlet.http.HttpServlet.service(HttpServlet.java:733)
		at org.apache.catalina.core.ApplicationFilterChain.internalDoFilter(ApplicationFilterChain.java:231)
		at org.apache.catalina.core.ApplicationFilterChain.doFilter(ApplicationFilterChain.java:166)
		at org.apache.tomcat.websocket.server.WsFilter.doFilter(WsFilter.java:53)
		at org.apache.catalina.core.ApplicationFilterChain.internalDoFilter(ApplicationFilterChain.java:193)
		at org.apache.catalina.core.ApplicationFilterChain.doFilter(ApplicationFilterChain.java:166)
		at org.apache.catalina.core.StandardWrapperValve.invoke(StandardWrapperValve.java:202)
		at org.apache.catalina.core.StandardContextValve.invoke(StandardContextValve.java:96)
		at org.apache.catalina.authenticator.AuthenticatorBase.invoke(AuthenticatorBase.java:541)
		at org.apache.catalina.core.StandardHostValve.invoke(StandardHostValve.java:139)
		at org.apache.catalina.valves.ErrorReportValve.invoke(ErrorReportValve.java:92)
		at org.apache.catalina.valves.AbstractAccessLogValve.invoke(AbstractAccessLogValve.java:690)
		at org.apache.catalina.core.StandardEngineValve.invoke(StandardEngineValve.java:74)
		at org.apache.catalina.connector.CoyoteAdapter.service(CoyoteAdapter.java:343)
		at org.apache.coyote.http11.Http11Processor.service(Http11Processor.java:373)
		at org.apache.coyote.AbstractProcessorLight.process(AbstractProcessorLight.java:65)
		at org.apache.coyote.AbstractProtocol$ConnectionHandler.process(AbstractProtocol.java:868)
		at org.apache.tomcat.util.net.NioEndpoint$SocketProcessor.doRun(NioEndpoint.java:1589)
		at org.apache.tomcat.util.net.SocketProcessorBase.run(SocketProcessorBase.java:49)
		at java.base/java.util.concurrent.ThreadPoolExecutor.runWorker(ThreadPoolExecutor.java:1128)
		at java.base/java.util.concurrent.ThreadPoolExecutor$Worker.run(ThreadPoolExecutor.java:628)
		at org.apache.tomcat.util.threads.TaskThread$WrappingRunnable.run(TaskThread.java:61)
		at java.base/java.lang.Thread.run(Thread.java:834)
16-Aug-2020 23:45:46.884 INFO [main] org.apache.catalina.core.ApplicationContext.log SessionListener: contextDestroyed()
16-Aug-2020 23:45:46.884 INFO [main] org.apache.catalina.core.ApplicationContext.log ContextListener: contextDestroyed()
